2022-09-22 10:08:18,865 Steering: -86
2022-09-22 10:08:18,987 -100_-71
2022-09-22 10:08:19,057 Steering: 19
2022-09-22 10:08:19,058 10_29
2022-09-22 10:08:19,111 Steering: 19
2022-09-22 10:08:19,111 10_29
2022-09-22 10:08:19,151 Steering: 19
2022-09-22 10:08:19,151 10_29
2022-09-22 10:08:19,190 Steering: 85
2022-09-22 10:08:19,191 70_100
2022-09-22 10:08:19,543 Steering: 85
2022-09-22 10:08:19,543 70_100
2022-09-22 10:08:19,571 Steering: 85
2022-09-22 10:08:19,572 70_100
2022-09-22 10:08:19,708 Steering: 85
2022-09-22 10:08:19,709 70_100
2022-09-22 10:08:19,735 Steering: 85
2022-09-22 10:08:19,735 70_100
2022-09-22 10:08:19,801 Steering: -1
2022-09-22 10:08:19,802 -10_9
2022-09-22 10:08:19,833 Steering: -1
2022-09-22 10:08:19,833 -10_9
2022-09-22 10:08:19,858 Steering: -1
2022-09-22 10:08:19,859 -10_9
2022-09-22 10:08:19,887 Steering: -1
2022-09-22 10:08:19,888 -10_9
2022-09-22 10:08:19,923 Steering: -1
2022-09-22 10:08:19,925 -10_9
2022-09-22 10:08:19,955 Steering: -1
2022-09-22 10:08:19,955 -10_9
2022-09-22 10:08:19,987 Steering: -1
2022-09-22 10:08:19,987 -10_9
2022-09-22 10:08:20,028 Steering: -1
2022-09-22 10:08:20,029 -10_9
2022-09-22 10:08:20,055 Steering: -1
2022-09-22 10:08:20,055 -10_9
2022-09-22 10:08:20,084 Steering: -1
2022-09-22 10:08:20,084 -10_9
2022-09-22 10:08:20,117 Steering: -1
2022-09-22 10:08:20,117 -10_9
2022-09-22 10:08:20,148 Steering: -1
2022-09-22 10:08:20,149 -10_9
2022-09-22 10:08:20,183 Steering: -1
2022-09-22 10:08:20,184 -10_9
2022-09-22 10:08:20,218 Steering: -1
2022-09-22 10:08:20,218 -10_9
2022-09-22 10:08:20,250 Steering: -1
2022-09-22 10:08:20,251 -10_9
2022-09-22 10:08:20,285 Steering: -1
2022-09-22 10:08:20,285 -10_9
2022-09-22 10:08:20,318 Steering: -1
2022-09-22 10:08:20,318 -10_9
2022-09-22 10:08:20,350 Steering: 85
2022-09-22 10:08:20,350 70_100
2022-09-22 10:08:20,386 Steering: -1
2022-09-22 10:08:20,387 -10_9
2022-09-22 10:08:20,418 Steering: 85
2022-09-22 10:08:20,419 70_100
2022-09-22 10:08:20,450 Steering: 85
2022-09-22 10:08:20,450 70_100
2022-09-22 10:08:20,486 Steering: 85
2022-09-22 10:08:20,486 70_100
2022-09-22 10:08:20,524 Steering: 85
2022-09-22 10:08:20,524 70_100
2022-09-22 10:08:20,552 Steering: -1
2022-09-22 10:08:20,553 -10_9
2022-09-22 10:08:20,584 Steering: -86
2022-09-22 10:08:20,587 -100_-71
2022-09-22 10:08:20,619 Steering: -86
2022-09-22 10:08:20,620 -100_-71
2022-09-22 10:08:20,659 Steering: -86
2022-09-22 10:08:20,659 -100_-71
2022-09-22 10:08:20,709 Steering: -86
2022-09-22 10:08:20,710 -100_-71
2022-09-22 10:08:20,737 Steering: -86
2022-09-22 10:08:20,737 -100_-71
2022-09-22 10:08:20,762 Steering: -86
2022-09-22 10:08:20,763 -100_-71
2022-09-22 10:08:20,817 Steering: -86
2022-09-22 10:08:20,817 -100_-71
2022-09-22 10:08:20,847 Steering: -86
2022-09-22 10:08:20,847 -100_-71
2022-09-22 10:08:20,883 Steering: -86
2022-09-22 10:08:20,884 -100_-71
2022-09-22 10:08:20,916 Steering: -86
2022-09-22 10:08:20,916 -100_-71
2022-09-22 10:08:20,949 Steering: -86
2022-09-22 10:08:20,950 -100_-71
2022-09-22 10:08:20,980 Steering: -86
2022-09-22 10:08:20,980 -100_-71
2022-09-22 10:08:21,014 Steering: -86
2022-09-22 10:08:21,015 -100_-71
2022-09-22 10:08:21,048 Steering: -86
2022-09-22 10:08:21,048 -100_-71
2022-09-22 10:08:21,083 Steering: -86
2022-09-22 10:08:21,084 -100_-71
2022-09-22 10:08:21,115 Steering: -86
2022-09-22 10:08:21,116 -100_-71
2022-09-22 10:08:21,148 Steering: -86
2022-09-22 10:08:21,149 -100_-71
2022-09-22 10:08:21,182 Steering: -86
2022-09-22 10:08:21,183 -100_-71
2022-09-22 10:08:21,217 Steering: -86
2022-09-22 10:08:21,217 -100_-71
2022-09-22 10:08:21,251 Steering: -86
2022-09-22 10:08:21,251 -100_-71
2022-09-22 10:08:21,287 Steering: -21
2022-09-22 10:08:21,287 -30_-11
2022-09-22 10:08:21,351 Steering: -21
2022-09-22 10:08:21,352 -30_-11
2022-09-22 10:08:21,381 Steering: -21
2022-09-22 10:08:21,382 -30_-11
2022-09-22 10:08:21,404 Steering: -86
2022-09-22 10:08:21,404 -100_-71
2022-09-22 10:08:21,436 Steering: -21
2022-09-22 10:08:21,437 -30_-11
2022-09-22 10:08:21,459 Steering: -21
2022-09-22 10:08:21,459 -30_-11
2022-09-22 10:08:21,480 Steering: -21
2022-09-22 10:08:21,481 -30_-11
2022-09-22 10:08:21,513 Steering: -21
2022-09-22 10:08:21,513 -30_-11
2022-09-22 10:08:21,548 Steering: -21
2022-09-22 10:08:21,549 -30_-11
2022-09-22 10:08:21,580 Steering: -86
2022-09-22 10:08:21,580 -100_-71
2022-09-22 10:08:21,613 Steering: -21
2022-09-22 10:08:21,614 -30_-11
2022-09-22 10:08:21,648 Steering: -21
2022-09-22 10:08:21,648 -30_-11
2022-09-22 10:08:21,688 Steering: -86
2022-09-22 10:08:21,689 -100_-71
2022-09-22 10:08:21,713 Steering: -21
2022-09-22 10:08:21,714 -30_-11
2022-09-22 10:08:21,750 Steering: -41
2022-09-22 10:08:21,750 -50_-31
2022-09-22 10:08:21,781 Steering: -41
2022-09-22 10:08:21,782 -50_-31
2022-09-22 10:08:21,812 Steering: -86
2022-09-22 10:08:21,813 -100_-71
2022-09-22 10:08:21,845 Steering: -86
2022-09-22 10:08:21,846 -100_-71
2022-09-22 10:08:21,878 Steering: -86
2022-09-22 10:08:21,879 -100_-71
2022-09-22 10:08:21,913 Steering: -86
2022-09-22 10:08:21,914 -100_-71
2022-09-22 10:08:21,949 Steering: -86
2022-09-22 10:08:21,950 -100_-71
2022-09-22 10:08:21,985 Steering: -86
2022-09-22 10:08:21,986 -100_-71
2022-09-22 10:08:22,019 Steering: -86
2022-09-22 10:08:22,020 -100_-71
2022-09-22 10:08:22,053 Steering: -86
2022-09-22 10:08:22,053 -100_-71
2022-09-22 10:08:22,080 Steering: -86
2022-09-22 10:08:22,085 -100_-71
2022-09-22 10:08:22,114 Steering: -86
2022-09-22 10:08:22,115 -100_-71
2022-09-22 10:08:22,161 Steering: -86
2022-09-22 10:08:22,162 -100_-71
2022-09-22 10:08:22,184 Steering: -86
2022-09-22 10:08:22,184 -100_-71
2022-09-22 10:08:22,215 Steering: -86
2022-09-22 10:08:22,216 -100_-71
2022-09-22 10:08:22,246 Steering: -86
2022-09-22 10:08:22,246 -100_-71
2022-09-22 10:08:22,280 Steering: -86
2022-09-22 10:08:22,280 -100_-71
2022-09-22 10:08:22,312 Steering: -86
2022-09-22 10:08:22,313 -100_-71
2022-09-22 10:08:22,350 Steering: -86
2022-09-22 10:08:22,351 -100_-71
2022-09-22 10:08:22,385 Steering: -86
2022-09-22 10:08:22,385 -100_-71
2022-09-22 10:08:22,414 Steering: -86
2022-09-22 10:08:22,414 -100_-71
2022-09-22 10:08:22,453 Steering: -86
2022-09-22 10:08:22,454 -100_-71
2022-09-22 10:08:22,491 Steering: -86
2022-09-22 10:08:22,491 -100_-71
2022-09-22 10:08:22,514 Steering: -86
2022-09-22 10:08:22,514 -100_-71
2022-09-22 10:08:22,551 Steering: -86
2022-09-22 10:08:22,551 -100_-71
2022-09-22 10:08:22,579 Steering: -86
2022-09-22 10:08:22,579 -100_-71
2022-09-22 10:08:22,612 Steering: -86
2022-09-22 10:08:22,612 -100_-71
2022-09-22 10:08:22,645 Steering: -86
2022-09-22 10:08:22,646 -100_-71
2022-09-22 10:08:22,678 Steering: -86
2022-09-22 10:08:22,679 -100_-71
2022-09-22 10:08:22,743 Steering: -86
2022-09-22 10:08:22,743 -100_-71
2022-09-22 10:08:22,763 Steering: -86
2022-09-22 10:08:22,764 -100_-71
2022-09-22 10:08:22,783 Steering: -86
2022-09-22 10:08:22,784 -100_-71
2022-09-22 10:08:22,815 Steering: -86
2022-09-22 10:08:22,816 -100_-71
2022-09-22 10:08:22,849 Steering: -86
2022-09-22 10:08:22,849 -100_-71
2022-09-22 10:08:22,882 Steering: -86
2022-09-22 10:08:22,882 -100_-71
2022-09-22 10:08:22,913 Steering: -86
2022-09-22 10:08:22,914 -100_-71
2022-09-22 10:08:22,953 Steering: -86
2022-09-22 10:08:22,953 -100_-71
2022-09-22 10:08:22,980 Steering: -86
2022-09-22 10:08:22,980 -100_-71
2022-09-22 10:08:23,014 Steering: -86
2022-09-22 10:08:23,014 -100_-71
2022-09-22 10:08:23,056 Steering: -86
2022-09-22 10:08:23,057 -100_-71
2022-09-22 10:08:23,078 Steering: -86
2022-09-22 10:08:23,079 -100_-71
2022-09-22 10:08:23,115 Steering: -86
2022-09-22 10:08:23,116 -100_-71
2022-09-22 10:08:23,146 Steering: -86
2022-09-22 10:08:23,147 -100_-71
2022-09-22 10:08:23,180 Steering: -86
2022-09-22 10:08:23,180 -100_-71
2022-09-22 10:08:23,213 Steering: -86
2022-09-22 10:08:23,214 -100_-71
2022-09-22 10:08:23,250 Steering: -86
2022-09-22 10:08:23,251 -100_-71
2022-09-22 10:08:23,291 Steering: -86
2022-09-22 10:08:23,291 -100_-71
2022-09-22 10:08:23,311 Steering: -86
2022-09-22 10:08:23,312 -100_-71
2022-09-22 10:08:23,344 Steering: -86
2022-09-22 10:08:23,345 -100_-71
2022-09-22 10:08:23,385 Steering: -86
2022-09-22 10:08:23,385 -100_-71
2022-09-22 10:08:23,412 Steering: -86
2022-09-22 10:08:23,413 -100_-71
2022-09-22 10:08:23,446 Steering: 85
2022-09-22 10:08:23,451 70_100
2022-09-22 10:08:23,478 Steering: -86
2022-09-22 10:08:23,479 -100_-71
2022-09-22 10:08:23,513 Steering: -86
2022-09-22 10:08:23,513 -100_-71
2022-09-22 10:08:23,547 Steering: -86
2022-09-22 10:08:23,548 -100_-71
2022-09-22 10:08:23,581 Steering: 85
2022-09-22 10:08:23,582 70_100
2022-09-22 10:08:23,626 Steering: 85
2022-09-22 10:08:23,626 70_100
2022-09-22 10:08:23,648 Steering: -86
2022-09-22 10:08:23,649 -100_-71
2022-09-22 10:08:23,679 Steering: -86
2022-09-22 10:08:23,679 -100_-71
2022-09-22 10:08:23,717 Steering: 85
2022-09-22 10:08:23,718 70_100
2022-09-22 10:08:23,745 Steering: -86
2022-09-22 10:08:23,746 -100_-71
2022-09-22 10:08:23,778 Steering: -86
2022-09-22 10:08:23,778 -100_-71
2022-09-22 10:08:23,817 Steering: -86
2022-09-22 10:08:23,817 -100_-71
2022-09-22 10:08:23,851 Steering: -86
2022-09-22 10:08:23,851 -100_-71
2022-09-22 10:08:23,877 Steering: -86
2022-09-22 10:08:23,878 -100_-71
2022-09-22 10:08:23,916 Steering: -86
2022-09-22 10:08:23,917 -100_-71
2022-09-22 10:08:23,945 Steering: -86
2022-09-22 10:08:23,946 -100_-71
2022-09-22 10:08:23,980 Steering: -86
2022-09-22 10:08:23,981 -100_-71
2022-09-22 10:08:24,020 Steering: -86
2022-09-22 10:08:24,023 -100_-71
2022-09-22 10:08:24,046 Steering: -86
2022-09-22 10:08:24,047 -100_-71
2022-09-22 10:08:24,080 Steering: -86
2022-09-22 10:08:24,081 -100_-71
2022-09-22 10:08:24,112 Steering: -86
2022-09-22 10:08:24,113 -100_-71
2022-09-22 10:08:24,144 Steering: -86
2022-09-22 10:08:24,145 -100_-71
2022-09-22 10:08:24,179 Steering: -86
2022-09-22 10:08:24,180 -100_-71
2022-09-22 10:08:24,213 Steering: -86
2022-09-22 10:08:24,214 -100_-71
2022-09-22 10:08:24,251 Steering: -86
2022-09-22 10:08:24,252 -100_-71
2022-09-22 10:08:24,279 Steering: -86
2022-09-22 10:08:24,279 -100_-71
2022-09-22 10:08:24,313 Steering: -86
2022-09-22 10:08:24,313 -100_-71
2022-09-22 10:08:24,345 Steering: -86
2022-09-22 10:08:24,345 -100_-71
2022-09-22 10:08:24,381 Steering: -86
2022-09-22 10:08:24,381 -100_-71
2022-09-22 10:08:24,412 Steering: -86
2022-09-22 10:08:24,412 -100_-71
2022-09-22 10:08:24,449 Steering: -86
2022-09-22 10:08:24,450 -100_-71
2022-09-22 10:08:24,485 Steering: -86
2022-09-22 10:08:24,486 -100_-71
2022-09-22 10:08:24,519 Steering: -86
2022-09-22 10:08:24,520 -100_-71
2022-09-22 10:08:24,545 Steering: -86
2022-09-22 10:08:24,546 -100_-71
2022-09-22 10:08:24,578 Steering: -86
2022-09-22 10:08:24,579 -100_-71
2022-09-22 10:08:24,617 Steering: -86
2022-09-22 10:08:24,618 -100_-71
2022-09-22 10:08:24,644 Steering: -86
2022-09-22 10:08:24,645 -100_-71
2022-09-22 10:08:24,683 Steering: -86
2022-09-22 10:08:24,684 -100_-71
2022-09-22 10:08:24,716 Steering: -86
2022-09-22 10:08:24,717 -100_-71
2022-09-22 10:08:24,744 Steering: -86
2022-09-22 10:08:24,744 -100_-71
2022-09-22 10:08:24,781 Steering: -86
2022-09-22 10:08:24,781 -100_-71
2022-09-22 10:08:24,814 Steering: -86
2022-09-22 10:08:24,814 -100_-71
2022-09-22 10:08:24,848 Steering: -86
2022-09-22 10:08:24,849 -100_-71
2022-09-22 10:08:24,880 Steering: -86
2022-09-22 10:08:24,881 -100_-71
2022-09-22 10:08:24,916 Steering: -86
2022-09-22 10:08:24,919 -100_-71
2022-09-22 10:08:24,945 Steering: -86
2022-09-22 10:08:24,945 -100_-71
2022-09-22 10:08:24,982 Steering: -86
2022-09-22 10:08:24,983 -100_-71
2022-09-22 10:08:25,016 Steering: -86
2022-09-22 10:08:25,017 -100_-71
2022-09-22 10:08:25,044 Steering: -86
2022-09-22 10:08:25,045 -100_-71
2022-09-22 10:08:25,078 Steering: -86
2022-09-22 10:08:25,078 -100_-71
2022-09-22 10:08:25,111 Steering: -86
2022-09-22 10:08:25,111 -100_-71
2022-09-22 10:08:25,145 Steering: -86
2022-09-22 10:08:25,146 -100_-71
2022-09-22 10:08:25,179 Steering: -86
2022-09-22 10:08:25,179 -100_-71
2022-09-22 10:08:25,211 Steering: -86
2022-09-22 10:08:25,212 -100_-71
2022-09-22 10:08:25,263 Steering: -86
2022-09-22 10:08:25,264 -100_-71
2022-09-22 10:08:25,290 Steering: -86
2022-09-22 10:08:25,290 -100_-71
2022-09-22 10:08:25,318 Steering: -86
2022-09-22 10:08:25,319 -100_-71
2022-09-22 10:08:25,347 Steering: -86
2022-09-22 10:08:25,348 -100_-71
2022-09-22 10:08:25,380 Steering: -86
2022-09-22 10:08:25,381 -100_-71
2022-09-22 10:08:25,413 Steering: -86
2022-09-22 10:08:25,413 -100_-71
2022-09-22 10:08:25,447 Steering: -86
2022-09-22 10:08:25,448 -100_-71
2022-09-22 10:08:25,481 Steering: -86
2022-09-22 10:08:25,482 -100_-71
2022-09-22 10:08:25,519 Steering: -86
2022-09-22 10:08:25,519 -100_-71
2022-09-22 10:08:25,550 Steering: -86
2022-09-22 10:08:25,550 -100_-71
2022-09-22 10:08:25,581 Steering: -86
2022-09-22 10:08:25,581 -100_-71
2022-09-22 10:08:25,611 Steering: -86
2022-09-22 10:08:25,612 -100_-71
2022-09-22 10:08:25,654 Steering: -86
2022-09-22 10:08:25,656 -100_-71
2022-09-22 10:08:25,683 Steering: -86
2022-09-22 10:08:25,683 -100_-71
2022-09-22 10:08:25,711 Steering: -86
2022-09-22 10:08:25,711 -100_-71
2022-09-22 10:08:25,745 Steering: -86
2022-09-22 10:08:25,745 -100_-71
2022-09-22 10:08:25,785 Steering: -86
2022-09-22 10:08:25,786 -100_-71
2022-09-22 10:08:25,810 Steering: -86
2022-09-22 10:08:25,811 -100_-71
2022-09-22 10:08:25,844 Steering: -86
2022-09-22 10:08:25,845 -100_-71
2022-09-22 10:08:25,880 Steering: -86
2022-09-22 10:08:25,880 -100_-71
2022-09-22 10:08:25,912 Steering: -86
2022-09-22 10:08:25,912 -100_-71
2022-09-22 10:08:25,947 Steering: -86
2022-09-22 10:08:25,947 -100_-71
2022-09-22 10:08:25,980 Steering: -86
2022-09-22 10:08:25,981 -100_-71
2022-09-22 10:08:26,014 Steering: -86
2022-09-22 10:08:26,014 -100_-71
2022-09-22 10:08:26,047 Steering: -86
2022-09-22 10:08:26,047 -100_-71
2022-09-22 10:08:26,079 Steering: -86
2022-09-22 10:08:26,080 -100_-71
2022-09-22 10:08:26,119 Steering: -86
2022-09-22 10:08:26,120 -100_-71
2022-09-22 10:08:26,155 Steering: -86
2022-09-22 10:08:26,155 -100_-71
2022-09-22 10:08:26,182 Steering: 19
2022-09-22 10:08:26,183 10_29
2022-09-22 10:08:26,211 Steering: 19
2022-09-22 10:08:26,212 10_29
2022-09-22 10:08:26,248 Steering: 19
2022-09-22 10:08:26,248 10_29
2022-09-22 10:08:26,283 Steering: 19
2022-09-22 10:08:26,284 10_29
2022-09-22 10:08:26,313 Steering: 19
2022-09-22 10:08:26,314 10_29
2022-09-22 10:08:26,344 Steering: 19
2022-09-22 10:08:26,345 10_29
2022-09-22 10:08:26,380 Steering: 19
2022-09-22 10:08:26,380 10_29
2022-09-22 10:08:26,413 Steering: 19
2022-09-22 10:08:26,413 10_29
2022-09-22 10:08:26,447 Steering: 19
2022-09-22 10:08:26,448 10_29
2022-09-22 10:08:26,479 Steering: 19
2022-09-22 10:08:26,480 10_29
2022-09-22 10:08:26,515 Steering: 19
2022-09-22 10:08:26,515 10_29
2022-09-22 10:08:26,552 Steering: 19
2022-09-22 10:08:26,552 10_29
2022-09-22 10:08:26,587 Steering: 19
2022-09-22 10:08:26,588 10_29
2022-09-22 10:08:26,621 Steering: 19
2022-09-22 10:08:26,622 10_29
2022-09-22 10:08:26,650 Steering: 19
2022-09-22 10:08:26,650 10_29
2022-09-22 10:08:26,683 Steering: 19
2022-09-22 10:08:26,683 10_29
2022-09-22 10:08:26,713 Steering: 19
2022-09-22 10:08:26,714 10_29
2022-09-22 10:08:26,751 Steering: 19
2022-09-22 10:08:26,752 10_29
2022-09-22 10:08:26,792 Steering: 19
2022-09-22 10:08:26,792 10_29
2022-09-22 10:08:26,816 Steering: 19
2022-09-22 10:08:26,817 10_29
2022-09-22 10:08:26,844 Steering: 19
2022-09-22 10:08:26,845 10_29
2022-09-22 10:08:26,877 Steering: 19
2022-09-22 10:08:26,877 10_29
2022-09-22 10:08:26,912 Steering: 19
2022-09-22 10:08:26,913 10_29
2022-09-22 10:08:26,944 Steering: 19
2022-09-22 10:08:26,945 10_29
2022-09-22 10:08:26,978 Steering: 19
2022-09-22 10:08:26,979 10_29
2022-09-22 10:08:27,016 Steering: 19
2022-09-22 10:08:27,016 10_29
2022-09-22 10:08:27,045 Steering: 19
2022-09-22 10:08:27,046 10_29
2022-09-22 10:08:27,078 Steering: 19
2022-09-22 10:08:27,079 10_29
2022-09-22 10:08:27,113 Steering: 19
2022-09-22 10:08:27,113 10_29
2022-09-22 10:08:27,147 Steering: 19
2022-09-22 10:08:27,147 10_29
2022-09-22 10:08:27,185 Steering: -41
2022-09-22 10:08:27,185 -50_-31
2022-09-22 10:08:27,212 Steering: -1
2022-09-22 10:08:27,213 -10_9
2022-09-22 10:08:27,248 Steering: -1
2022-09-22 10:08:27,249 -10_9
2022-09-22 10:08:27,278 Steering: -1
2022-09-22 10:08:27,279 -10_9
2022-09-22 10:08:27,311 Steering: -1
2022-09-22 10:08:27,312 -10_9
2022-09-22 10:08:27,348 Steering: -1
2022-09-22 10:08:27,348 -10_9
2022-09-22 10:08:27,380 Steering: -1
2022-09-22 10:08:27,380 -10_9
2022-09-22 10:08:27,413 Steering: -1
2022-09-22 10:08:27,413 -10_9
2022-09-22 10:08:27,450 Steering: -1
2022-09-22 10:08:27,451 -10_9
2022-09-22 10:08:27,480 Steering: 19
2022-09-22 10:08:27,480 10_29
2022-09-22 10:08:27,511 Steering: -86
2022-09-22 10:08:27,511 -100_-71
2022-09-22 10:08:27,544 Steering: -86
2022-09-22 10:08:27,545 -100_-71
2022-09-22 10:08:27,584 Steering: -86
2022-09-22 10:08:27,585 -100_-71
2022-09-22 10:08:27,630 Steering: -1
2022-09-22 10:08:27,631 -10_9
2022-09-22 10:08:27,652 Steering: -1
2022-09-22 10:08:27,653 -10_9
2022-09-22 10:08:27,678 Steering: -1
2022-09-22 10:08:27,678 -10_9
2022-09-22 10:08:27,711 Steering: -1
2022-09-22 10:08:27,712 -10_9
2022-09-22 10:08:27,754 Steering: -1
2022-09-22 10:08:27,755 -10_9
2022-09-22 10:08:27,780 Steering: -1
2022-09-22 10:08:27,780 -10_9
2022-09-22 10:08:27,817 Steering: -41
2022-09-22 10:08:27,818 -50_-31
2022-09-22 10:08:27,847 Steering: -41
2022-09-22 10:08:27,848 -50_-31
2022-09-22 10:08:27,880 Steering: -41
2022-09-22 10:08:27,881 -50_-31
2022-09-22 10:08:27,913 Steering: -41
2022-09-22 10:08:27,914 -50_-31
2022-09-22 10:08:27,945 Steering: -41
2022-09-22 10:08:27,946 -50_-31
2022-09-22 10:08:27,978 Steering: -41
2022-09-22 10:08:27,979 -50_-31
2022-09-22 10:08:28,010 Steering: -1
2022-09-22 10:08:28,011 -10_9
2022-09-22 10:08:28,058 Steering: -1
2022-09-22 10:08:28,060 -10_9
2022-09-22 10:08:28,083 Steering: -1
2022-09-22 10:08:28,083 -10_9
2022-09-22 10:08:28,110 Steering: -1
2022-09-22 10:08:28,111 -10_9
2022-09-22 10:08:28,144 Steering: -1
2022-09-22 10:08:28,144 -10_9
2022-09-22 10:08:28,177 Steering: -1
2022-09-22 10:08:28,177 -10_9
2022-09-22 10:08:28,210 Steering: -41
2022-09-22 10:08:28,210 -50_-31
2022-09-22 10:08:28,244 Steering: -41
2022-09-22 10:08:28,244 -50_-31
2022-09-22 10:08:28,277 Steering: -41
2022-09-22 10:08:28,278 -50_-31
2022-09-22 10:08:28,312 Steering: -41
2022-09-22 10:08:28,312 -50_-31
2022-09-22 10:08:28,345 Steering: -41
2022-09-22 10:08:28,345 -50_-31
2022-09-22 10:08:28,377 Steering: -1
2022-09-22 10:08:28,378 -10_9
2022-09-22 10:08:28,418 Steering: -1
2022-09-22 10:08:28,418 -10_9
2022-09-22 10:08:28,446 Steering: -1
2022-09-22 10:08:28,447 -10_9
2022-09-22 10:08:28,479 Steering: -1
2022-09-22 10:08:28,479 -10_9
2022-09-22 10:08:28,512 Steering: -1
2022-09-22 10:08:28,512 -10_9
2022-09-22 10:08:28,547 Steering: -1
2022-09-22 10:08:28,548 -10_9
2022-09-22 10:08:28,579 Steering: -41
2022-09-22 10:08:28,580 -50_-31
2022-09-22 10:08:28,612 Steering: -41
2022-09-22 10:08:28,612 -50_-31
2022-09-22 10:08:28,645 Steering: -41
2022-09-22 10:08:28,646 -50_-31
2022-09-22 10:08:28,679 Steering: -1
2022-09-22 10:08:28,679 -10_9
2022-09-22 10:08:28,711 Steering: -1
2022-09-22 10:08:28,712 -10_9
2022-09-22 10:08:28,747 Steering: -1
2022-09-22 10:08:28,748 -10_9
2022-09-22 10:08:28,779 Steering: -1
2022-09-22 10:08:28,779 -10_9
2022-09-22 10:08:28,810 Steering: -1
2022-09-22 10:08:28,811 -10_9
2022-09-22 10:08:28,844 Steering: -1
2022-09-22 10:08:28,844 -10_9
2022-09-22 10:08:28,878 Steering: -1
2022-09-22 10:08:28,880 -10_9
2022-09-22 10:08:28,923 Steering: -86
2022-09-22 10:08:28,924 -100_-71
2022-09-22 10:08:28,946 Steering: -1
2022-09-22 10:08:28,947 -10_9
2022-09-22 10:08:28,981 Steering: -1
2022-09-22 10:08:28,982 -10_9
2022-09-22 10:08:29,010 Steering: -41
2022-09-22 10:08:29,011 -50_-31
2022-09-22 10:08:29,044 Steering: -1
2022-09-22 10:08:29,045 -10_9
2022-09-22 10:08:29,080 Steering: -1
2022-09-22 10:08:29,081 -10_9
2022-09-22 10:08:29,113 Steering: -41
2022-09-22 10:08:29,114 -50_-31
2022-09-22 10:08:29,149 Steering: -41
2022-09-22 10:08:29,151 -50_-31
2022-09-22 10:08:29,181 Steering: -41
2022-09-22 10:08:29,182 -50_-31
2022-09-22 10:08:29,213 Steering: -41
2022-09-22 10:08:29,213 -50_-31
2022-09-22 10:08:29,244 Steering: -86
2022-09-22 10:08:29,244 -100_-71
2022-09-22 10:08:29,280 Steering: -86
2022-09-22 10:08:29,281 -100_-71
2022-09-22 10:08:29,313 Steering: -86
2022-09-22 10:08:29,313 -100_-71
2022-09-22 10:08:29,348 Steering: -86
2022-09-22 10:08:29,349 -100_-71
2022-09-22 10:08:29,379 Steering: 19
2022-09-22 10:08:29,380 10_29
2022-09-22 10:08:29,410 Steering: 85
2022-09-22 10:08:29,410 70_100
2022-09-22 10:08:29,445 Steering: 85
2022-09-22 10:08:29,446 70_100
2022-09-22 10:08:29,478 Steering: 85
2022-09-22 10:08:29,478 70_100
2022-09-22 10:08:29,510 Steering: 85
2022-09-22 10:08:29,510 70_100
2022-09-22 10:08:29,543 Steering: 85
2022-09-22 10:08:29,543 70_100
2022-09-22 10:08:29,577 Steering: 85
2022-09-22 10:08:29,577 70_100
2022-09-22 10:08:29,613 Steering: 85
2022-09-22 10:08:29,614 70_100
2022-09-22 10:08:29,644 Steering: 85
2022-09-22 10:08:29,644 70_100
2022-09-22 10:08:29,679 Steering: 85
2022-09-22 10:08:29,680 70_100
2022-09-22 10:08:29,711 Steering: 85
2022-09-22 10:08:29,712 70_100
2022-09-22 10:08:29,746 Steering: 85
2022-09-22 10:08:29,746 70_100
2022-09-22 10:08:29,779 Steering: 85
2022-09-22 10:08:29,780 70_100
2022-09-22 10:08:29,813 Steering: 85
2022-09-22 10:08:29,813 70_100
2022-09-22 10:08:29,845 Steering: 19
2022-09-22 10:08:29,845 10_29
2022-09-22 10:08:29,882 Steering: 19
2022-09-22 10:08:29,883 10_29
2022-09-22 10:08:29,911 Steering: 19
2022-09-22 10:08:29,912 10_29
2022-09-22 10:08:29,949 Steering: 19
2022-09-22 10:08:29,950 10_29
2022-09-22 10:08:29,979 Steering: 19
2022-09-22 10:08:29,979 10_29
2022-09-22 10:08:30,012 Steering: 19
2022-09-22 10:08:30,012 10_29
2022-09-22 10:08:30,045 Steering: 19
2022-09-22 10:08:30,045 10_29
2022-09-22 10:08:30,080 Steering: 19
2022-09-22 10:08:30,080 10_29
2022-09-22 10:08:30,110 Steering: 85
2022-09-22 10:08:30,110 70_100
2022-09-22 10:08:30,143 Steering: 19
2022-09-22 10:08:30,143 10_29
2022-09-22 10:08:30,176 Steering: 85
2022-09-22 10:08:30,177 70_100
2022-09-22 10:08:30,211 Steering: 19
2022-09-22 10:08:30,212 10_29
2022-09-22 10:08:30,245 Steering: 85
2022-09-22 10:08:30,246 70_100
2022-09-22 10:08:30,277 Steering: 85
2022-09-22 10:08:30,278 70_100
2022-09-22 10:08:30,310 Steering: 85
2022-09-22 10:08:30,311 70_100
2022-09-22 10:08:30,346 Steering: 85
2022-09-22 10:08:30,347 70_100
2022-09-22 10:08:30,379 Steering: 85
2022-09-22 10:08:30,380 70_100
2022-09-22 10:08:30,416 Steering: 85
2022-09-22 10:08:30,416 70_100
2022-09-22 10:08:30,446 Steering: 85
2022-09-22 10:08:30,447 70_100
2022-09-22 10:08:30,480 Steering: 85
2022-09-22 10:08:30,481 70_100
2022-09-22 10:08:30,512 Steering: 85
2022-09-22 10:08:30,513 70_100
2022-09-22 10:08:30,545 Steering: 85
2022-09-22 10:08:30,546 70_100
2022-09-22 10:08:30,580 Steering: 85
2022-09-22 10:08:30,580 70_100
2022-09-22 10:08:30,611 Steering: 85
2022-09-22 10:08:30,612 70_100
2022-09-22 10:08:30,644 Steering: 85
2022-09-22 10:08:30,644 70_100
2022-09-22 10:08:30,677 Steering: 85
2022-09-22 10:08:30,678 70_100
2022-09-22 10:08:30,715 Steering: 85
2022-09-22 10:08:30,716 70_100
2022-09-22 10:08:30,744 Steering: 85
2022-09-22 10:08:30,745 70_100
2022-09-22 10:08:30,778 Steering: 85
2022-09-22 10:08:30,778 70_100
2022-09-22 10:08:30,811 Steering: 85
2022-09-22 10:08:30,812 70_100
2022-09-22 10:08:30,845 Steering: 85
2022-09-22 10:08:30,845 70_100
2022-09-22 10:08:30,878 Steering: 85
2022-09-22 10:08:30,879 70_100
2022-09-22 10:08:30,918 Steering: 85
2022-09-22 10:08:30,919 70_100
2022-09-22 10:08:30,946 Steering: 85
2022-09-22 10:08:30,946 70_100
2022-09-22 10:08:30,975 Steering: 85
2022-09-22 10:08:30,976 70_100
2022-09-22 10:08:31,016 Steering: 19
2022-09-22 10:08:31,016 10_29
2022-09-22 10:08:31,046 Steering: 85
2022-09-22 10:08:31,046 70_100
2022-09-22 10:08:31,079 Steering: 85
2022-09-22 10:08:31,079 70_100
2022-09-22 10:08:31,115 Steering: 19
2022-09-22 10:08:31,116 10_29
2022-09-22 10:08:31,148 Steering: 85
2022-09-22 10:08:31,149 70_100
2022-09-22 10:08:31,179 Steering: 85
2022-09-22 10:08:31,179 70_100
2022-09-22 10:08:31,211 Steering: 85
2022-09-22 10:08:31,212 70_100
2022-09-22 10:08:31,244 Steering: 85
2022-09-22 10:08:31,245 70_100
2022-09-22 10:08:31,295 Steering: 85
2022-09-22 10:08:31,296 70_100
2022-09-22 10:08:31,319 Steering: 85
2022-09-22 10:08:31,320 70_100
2022-09-22 10:08:31,349 Steering: 85
2022-09-22 10:08:31,350 70_100
2022-09-22 10:08:31,376 Steering: 85
2022-09-22 10:08:31,376 70_100
2022-09-22 10:08:31,409 Steering: 85
2022-09-22 10:08:31,409 70_100
2022-09-22 10:08:31,445 Steering: 85
2022-09-22 10:08:31,445 70_100
2022-09-22 10:08:31,478 Steering: 85
2022-09-22 10:08:31,479 70_100
2022-09-22 10:08:31,512 Steering: 85
2022-09-22 10:08:31,513 70_100
2022-09-22 10:08:31,543 Steering: 85
2022-09-22 10:08:31,543 70_100
2022-09-22 10:08:31,578 Steering: 85
2022-09-22 10:08:31,579 70_100
2022-09-22 10:08:31,609 Steering: 85
2022-09-22 10:08:31,611 70_100
2022-09-22 10:08:31,644 Steering: 85
2022-09-22 10:08:31,644 70_100
2022-09-22 10:08:31,682 Steering: 85
2022-09-22 10:08:31,682 70_100
2022-09-22 10:08:31,715 Steering: 85
2022-09-22 10:08:31,716 70_100
2022-09-22 10:08:31,746 Steering: 85
2022-09-22 10:08:31,747 70_100
2022-09-22 10:08:31,781 Steering: 85
2022-09-22 10:08:31,782 70_100
2022-09-22 10:08:31,813 Steering: -86
2022-09-22 10:08:31,813 -100_-71
2022-09-22 10:08:31,851 Steering: -86
2022-09-22 10:08:31,852 -100_-71
2022-09-22 10:08:31,881 Steering: -86
2022-09-22 10:08:31,882 -100_-71
2022-09-22 10:08:31,910 Steering: -86
2022-09-22 10:08:31,911 -100_-71
2022-09-22 10:08:31,943 Steering: 85
2022-09-22 10:08:31,944 70_100
2022-09-22 10:08:31,977 Steering: 85
2022-09-22 10:08:31,978 70_100
2022-09-22 10:08:32,013 Steering: 85
2022-09-22 10:08:32,013 70_100
2022-09-22 10:08:32,046 Steering: -41
2022-09-22 10:08:32,047 -50_-31
2022-09-22 10:08:32,076 Steering: 85
2022-09-22 10:08:32,076 70_100
2022-09-22 10:08:32,110 Steering: -86
2022-09-22 10:08:32,111 -100_-71
2022-09-22 10:08:32,142 Steering: -86
2022-09-22 10:08:32,143 -100_-71
2022-09-22 10:08:32,176 Steering: -86
2022-09-22 10:08:32,177 -100_-71
2022-09-22 10:08:32,210 Steering: -86
2022-09-22 10:08:32,211 -100_-71
2022-09-22 10:08:32,243 Steering: -86
2022-09-22 10:08:32,244 -100_-71
2022-09-22 10:08:32,281 Steering: -86
2022-09-22 10:08:32,281 -100_-71
2022-09-22 10:08:32,310 Steering: -86
2022-09-22 10:08:32,311 -100_-71
2022-09-22 10:08:32,349 Steering: -86
2022-09-22 10:08:32,350 -100_-71
2022-09-22 10:08:32,379 Steering: -86
2022-09-22 10:08:32,380 -100_-71
2022-09-22 10:08:32,413 Steering: -86
2022-09-22 10:08:32,414 -100_-71
2022-09-22 10:08:32,445 Steering: -86
2022-09-22 10:08:32,446 -100_-71
2022-09-22 10:08:32,492 Steering: -86
2022-09-22 10:08:32,492 -100_-71
2022-09-22 10:08:32,518 Steering: -86
2022-09-22 10:08:32,519 -100_-71
2022-09-22 10:08:32,544 Steering: -86
2022-09-22 10:08:32,544 -100_-71
2022-09-22 10:08:32,577 Steering: -86
2022-09-22 10:08:32,577 -100_-71
2022-09-22 10:08:32,627 Steering: -86
2022-09-22 10:08:32,629 -100_-71
2022-09-22 10:08:32,659 Steering: -86
2022-09-22 10:08:32,661 -100_-71
2022-09-22 10:08:32,686 Steering: -86
2022-09-22 10:08:32,687 -100_-71
2022-09-22 10:08:32,710 Steering: -86
2022-09-22 10:08:32,711 -100_-71
2022-09-22 10:08:32,743 Steering: -86
2022-09-22 10:08:32,744 -100_-71
2022-09-22 10:08:32,779 Steering: -86
2022-09-22 10:08:32,779 -100_-71
2022-09-22 10:08:32,811 Steering: -86
2022-09-22 10:08:32,811 -100_-71
2022-09-22 10:08:32,845 Steering: -86
2022-09-22 10:08:32,846 -100_-71
2022-09-22 10:08:32,877 Steering: -86
2022-09-22 10:08:32,878 -100_-71
2022-09-22 10:08:32,909 Steering: -86
2022-09-22 10:08:32,910 -100_-71
2022-09-22 10:08:32,946 Steering: -86
2022-09-22 10:08:32,948 -100_-71
2022-09-22 10:08:32,976 Steering: -86
2022-09-22 10:08:32,976 -100_-71
2022-09-22 10:08:33,015 Steering: -86
2022-09-22 10:08:33,017 -100_-71
2022-09-22 10:08:33,048 Steering: -86
2022-09-22 10:08:33,048 -100_-71
2022-09-22 10:08:33,089 Steering: -86
2022-09-22 10:08:33,090 -100_-71
2022-09-22 10:08:33,110 Steering: -86
2022-09-22 10:08:33,110 -100_-71
2022-09-22 10:08:33,143 Steering: -86
2022-09-22 10:08:33,144 -100_-71
2022-09-22 10:08:33,177 Steering: -86
2022-09-22 10:08:33,178 -100_-71
2022-09-22 10:08:33,209 Steering: -86
2022-09-22 10:08:33,209 -100_-71
2022-09-22 10:08:33,242 Steering: -86
2022-09-22 10:08:33,242 -100_-71
2022-09-22 10:08:33,277 Steering: -86
2022-09-22 10:08:33,277 -100_-71
2022-09-22 10:08:33,310 Steering: -86
2022-09-22 10:08:33,311 -100_-71
2022-09-22 10:08:33,342 Steering: -86
2022-09-22 10:08:33,343 -100_-71
2022-09-22 10:08:33,376 Steering: -86
2022-09-22 10:08:33,377 -100_-71
2022-09-22 10:08:33,409 Steering: -86
2022-09-22 10:08:33,409 -100_-71
2022-09-22 10:08:33,443 Steering: -86
2022-09-22 10:08:33,444 -100_-71
2022-09-22 10:08:33,476 Steering: -86
2022-09-22 10:08:33,476 -100_-71
2022-09-22 10:08:33,509 Steering: -86
2022-09-22 10:08:33,510 -100_-71
2022-09-22 10:08:33,542 Steering: -86
2022-09-22 10:08:33,542 -100_-71
2022-09-22 10:08:33,578 Steering: -86
2022-09-22 10:08:33,578 -100_-71
2022-09-22 10:08:33,609 Steering: -86
2022-09-22 10:08:33,610 -100_-71
2022-09-22 10:08:33,643 Steering: -86
2022-09-22 10:08:33,644 -100_-71
2022-09-22 10:08:33,679 Steering: -86
2022-09-22 10:08:33,680 -100_-71
2022-09-22 10:08:33,712 Steering: -86
2022-09-22 10:08:33,712 -100_-71
2022-09-22 10:08:33,745 Steering: -86
2022-09-22 10:08:33,745 -100_-71
2022-09-22 10:08:33,789 Steering: -86
2022-09-22 10:08:33,789 -100_-71
2022-09-22 10:08:33,813 Steering: -86
2022-09-22 10:08:33,814 -100_-71
2022-09-22 10:08:33,843 Steering: -86
2022-09-22 10:08:33,843 -100_-71
2022-09-22 10:08:33,878 Steering: -86
2022-09-22 10:08:33,878 -100_-71
2022-09-22 10:08:33,915 Steering: -86
2022-09-22 10:08:33,916 -100_-71
2022-09-22 10:08:33,944 Steering: -86
2022-09-22 10:08:33,945 -100_-71
2022-09-22 10:08:33,975 Steering: -86
2022-09-22 10:08:33,976 -100_-71
2022-09-22 10:08:34,016 Steering: -86
2022-09-22 10:08:34,017 -100_-71
2022-09-22 10:08:34,043 Steering: -86
2022-09-22 10:08:34,044 -100_-71
2022-09-22 10:08:34,078 Steering: -86
2022-09-22 10:08:34,078 -100_-71
2022-09-22 10:08:34,110 Steering: -86
2022-09-22 10:08:34,111 -100_-71
2022-09-22 10:08:34,144 Steering: -86
2022-09-22 10:08:34,145 -100_-71
2022-09-22 10:08:34,177 Steering: -86
2022-09-22 10:08:34,177 -100_-71
2022-09-22 10:08:34,213 Steering: -86
2022-09-22 10:08:34,213 -100_-71
2022-09-22 10:08:34,246 Steering: -86
2022-09-22 10:08:34,247 -100_-71
2022-09-22 10:08:34,276 Steering: -86
2022-09-22 10:08:34,276 -100_-71
2022-09-22 10:08:34,311 Steering: -86
2022-09-22 10:08:34,312 -100_-71
2022-09-22 10:08:34,345 Steering: -86
2022-09-22 10:08:34,346 -100_-71
2022-09-22 10:08:34,389 Steering: -86
2022-09-22 10:08:34,390 -100_-71
2022-09-22 10:08:34,414 Steering: -86
2022-09-22 10:08:34,414 -100_-71
2022-09-22 10:08:34,446 Steering: -86
2022-09-22 10:08:34,447 -100_-71
2022-09-22 10:08:34,492 Steering: -86
2022-09-22 10:08:34,493 -100_-71
2022-09-22 10:08:34,515 Steering: -86
2022-09-22 10:08:34,518 -100_-71
2022-09-22 10:08:34,543 Steering: -86
2022-09-22 10:08:34,544 -100_-71
2022-09-22 10:08:34,577 Steering: -86
2022-09-22 10:08:34,578 -100_-71
2022-09-22 10:08:34,610 Steering: -86
2022-09-22 10:08:34,610 -100_-71
2022-09-22 10:08:34,644 Steering: -86
2022-09-22 10:08:34,644 -100_-71
2022-09-22 10:08:34,676 Steering: -86
2022-09-22 10:08:34,676 -100_-71
2022-09-22 10:08:34,708 Steering: -86
2022-09-22 10:08:34,709 -100_-71
2022-09-22 10:08:34,752 Steering: -86
2022-09-22 10:08:34,753 -100_-71
2022-09-22 10:08:34,779 Steering: -86
2022-09-22 10:08:34,780 -100_-71
2022-09-22 10:08:34,810 Steering: -86
2022-09-22 10:08:34,811 -100_-71
2022-09-22 10:08:34,845 Steering: -86
2022-09-22 10:08:34,846 -100_-71
2022-09-22 10:08:34,878 Steering: -86
2022-09-22 10:08:34,879 -100_-71
2022-09-22 10:08:34,915 Steering: -86
2022-09-22 10:08:34,915 -100_-71
2022-09-22 10:08:34,947 Steering: -86
2022-09-22 10:08:34,947 -100_-71
2022-09-22 10:08:34,978 Steering: -86
2022-09-22 10:08:34,979 -100_-71
2022-09-22 10:08:35,033 Steering: -86
2022-09-22 10:08:35,033 -100_-71
2022-09-22 10:08:35,062 Steering: -86
2022-09-22 10:08:35,063 -100_-71
2022-09-22 10:08:35,090 Steering: -86
2022-09-22 10:08:35,090 -100_-71
2022-09-22 10:08:35,116 Steering: -86
2022-09-22 10:08:35,117 -100_-71
2022-09-22 10:08:35,143 Steering: -86
2022-09-22 10:08:35,144 -100_-71
2022-09-22 10:08:35,177 Steering: -86
2022-09-22 10:08:35,178 -100_-71
2022-09-22 10:08:35,210 Steering: -86
2022-09-22 10:08:35,210 -100_-71
2022-09-22 10:08:35,242 Steering: -86
2022-09-22 10:08:35,242 -100_-71
2022-09-22 10:08:35,277 Steering: -86
2022-09-22 10:08:35,277 -100_-71
2022-09-22 10:08:35,311 Steering: -86
2022-09-22 10:08:35,312 -100_-71
2022-09-22 10:08:35,347 Steering: -86
2022-09-22 10:08:35,348 -100_-71
2022-09-22 10:08:35,381 Steering: -86
2022-09-22 10:08:35,382 -100_-71
2022-09-22 10:08:35,410 Steering: -86
2022-09-22 10:08:35,411 -100_-71
2022-09-22 10:08:35,444 Steering: -86
2022-09-22 10:08:35,445 -100_-71
2022-09-22 10:08:35,478 Steering: -86
2022-09-22 10:08:35,479 -100_-71
2022-09-22 10:08:35,512 Steering: -86
2022-09-22 10:08:35,512 -100_-71
2022-09-22 10:08:35,544 Steering: -86
2022-09-22 10:08:35,545 -100_-71
2022-09-22 10:08:35,592 Steering: -86
2022-09-22 10:08:35,593 -100_-71
2022-09-22 10:08:35,613 Steering: -86
2022-09-22 10:08:35,614 -100_-71
2022-09-22 10:08:35,643 Steering: -86
2022-09-22 10:08:35,644 -100_-71
2022-09-22 10:08:35,676 Steering: -86
2022-09-22 10:08:35,676 -100_-71
2022-09-22 10:08:35,713 Steering: -86
2022-09-22 10:08:35,714 -100_-71
2022-09-22 10:08:35,743 Steering: -86
2022-09-22 10:08:35,743 -100_-71
2022-09-22 10:08:35,776 Steering: -86
2022-09-22 10:08:35,777 -100_-71
2022-09-22 10:08:35,810 Steering: -86
2022-09-22 10:08:35,811 -100_-71
2022-09-22 10:08:35,843 Steering: -86
2022-09-22 10:08:35,843 -100_-71
2022-09-22 10:08:35,875 Steering: -86
2022-09-22 10:08:35,875 -100_-71
2022-09-22 10:08:35,909 Steering: -86
2022-09-22 10:08:35,910 -100_-71
2022-09-22 10:08:35,945 Steering: -86
2022-09-22 10:08:35,946 -100_-71
2022-09-22 10:08:35,976 Steering: -86
2022-09-22 10:08:35,977 -100_-71
2022-09-22 10:08:36,012 Steering: -86
2022-09-22 10:08:36,013 -100_-71
2022-09-22 10:08:36,052 Steering: -86
2022-09-22 10:08:36,053 -100_-71
2022-09-22 10:08:36,077 Steering: -86
2022-09-22 10:08:36,077 -100_-71
2022-09-22 10:08:36,111 Steering: -86
2022-09-22 10:08:36,112 -100_-71
2022-09-22 10:08:36,142 Steering: -86
2022-09-22 10:08:36,143 -100_-71
2022-09-22 10:08:36,176 Steering: -86
2022-09-22 10:08:36,176 -100_-71
2022-09-22 10:08:36,210 Steering: -86
2022-09-22 10:08:36,211 -100_-71
2022-09-22 10:08:36,242 Steering: -86
2022-09-22 10:08:36,242 -100_-71
2022-09-22 10:08:36,286 Steering: -86
2022-09-22 10:08:36,287 -100_-71
2022-09-22 10:08:36,316 Steering: -86
2022-09-22 10:08:36,316 -100_-71
2022-09-22 10:08:36,356 Steering: -86
2022-09-22 10:08:36,357 -100_-71
2022-09-22 10:08:36,381 Steering: -86
2022-09-22 10:08:36,382 -100_-71
2022-09-22 10:08:36,416 Steering: -86
2022-09-22 10:08:36,417 -100_-71
2022-09-22 10:08:36,442 Steering: -86
2022-09-22 10:08:36,443 -100_-71
2022-09-22 10:08:36,477 Steering: -86
2022-09-22 10:08:36,477 -100_-71
2022-09-22 10:08:36,513 Steering: -86
2022-09-22 10:08:36,513 -100_-71
2022-09-22 10:08:36,541 Steering: -21
2022-09-22 10:08:36,542 -30_-11
2022-09-22 10:08:36,576 Steering: -21
2022-09-22 10:08:36,576 -30_-11
2022-09-22 10:08:36,611 Steering: -21
2022-09-22 10:08:36,611 -30_-11
2022-09-22 10:08:36,643 Steering: -21
2022-09-22 10:08:36,644 -30_-11
2022-09-22 10:08:36,679 Steering: -21
2022-09-22 10:08:36,680 -30_-11
2022-09-22 10:08:36,712 Steering: -21
2022-09-22 10:08:36,713 -30_-11
2022-09-22 10:08:36,745 Steering: -86
2022-09-22 10:08:36,746 -100_-71
2022-09-22 10:08:36,778 Steering: -21
2022-09-22 10:08:36,778 -30_-11
2022-09-22 10:08:36,811 Steering: -21
2022-09-22 10:08:36,812 -30_-11
2022-09-22 10:08:36,847 Steering: -21
2022-09-22 10:08:36,848 -30_-11
2022-09-22 10:08:36,883 Steering: -21
2022-09-22 10:08:36,883 -30_-11
2022-09-22 10:08:36,909 Steering: -21
2022-09-22 10:08:36,909 -30_-11
2022-09-22 10:08:36,942 Steering: -21
2022-09-22 10:08:36,942 -30_-11
2022-09-22 10:08:36,977 Steering: -21
2022-09-22 10:08:36,977 -30_-11
2022-09-22 10:08:37,009 Steering: -21
2022-09-22 10:08:37,009 -30_-11
2022-09-22 10:08:37,045 Steering: -1
2022-09-22 10:08:37,045 -10_9
2022-09-22 10:08:37,076 Steering: -41
2022-09-22 10:08:37,077 -50_-31
2022-09-22 10:08:37,110 Steering: -1
2022-09-22 10:08:37,111 -10_9
2022-09-22 10:08:37,147 Steering: -1
2022-09-22 10:08:37,148 -10_9
2022-09-22 10:08:37,176 Steering: -41
2022-09-22 10:08:37,177 -50_-31
2022-09-22 10:08:37,213 Steering: -41
2022-09-22 10:08:37,214 -50_-31
2022-09-22 10:08:37,244 Steering: -41
2022-09-22 10:08:37,245 -50_-31
2022-09-22 10:08:37,277 Steering: -41
2022-09-22 10:08:37,278 -50_-31
2022-09-22 10:08:37,312 Steering: -41
2022-09-22 10:08:37,312 -50_-31
2022-09-22 10:08:37,345 Steering: -41
2022-09-22 10:08:37,346 -50_-31
2022-09-22 10:08:37,377 Steering: -86
2022-09-22 10:08:37,377 -100_-71
2022-09-22 10:08:37,412 Steering: -41
2022-09-22 10:08:37,413 -50_-31
2022-09-22 10:08:37,444 Steering: -41
2022-09-22 10:08:37,444 -50_-31
2022-09-22 10:08:37,477 Steering: -1
2022-09-22 10:08:37,477 -10_9
2022-09-22 10:08:37,512 Steering: -41
2022-09-22 10:08:37,512 -50_-31
2022-09-22 10:08:37,545 Steering: -41
2022-09-22 10:08:37,545 -50_-31
2022-09-22 10:08:37,578 Steering: -41
2022-09-22 10:08:37,579 -50_-31
2022-09-22 10:08:37,614 Steering: -1
2022-09-22 10:08:37,615 -10_9
2022-09-22 10:08:37,652 Steering: -1
2022-09-22 10:08:37,653 -10_9
2022-09-22 10:08:37,677 Steering: -1
2022-09-22 10:08:37,677 -10_9
2022-09-22 10:08:37,712 Steering: -1
2022-09-22 10:08:37,712 -10_9
2022-09-22 10:08:37,745 Steering: -1
2022-09-22 10:08:37,745 -10_9
2022-09-22 10:08:37,775 Steering: -1
2022-09-22 10:08:37,776 -10_9
2022-09-22 10:08:37,813 Steering: -41
2022-09-22 10:08:37,813 -50_-31
2022-09-22 10:08:37,844 Steering: -1
2022-09-22 10:08:37,844 -10_9
2022-09-22 10:08:37,877 Steering: -1
2022-09-22 10:08:37,877 -10_9
2022-09-22 10:08:37,914 Steering: -41
2022-09-22 10:08:37,915 -50_-31
2022-09-22 10:08:37,944 Steering: -1
2022-09-22 10:08:37,945 -10_9
2022-09-22 10:08:37,976 Steering: -1
2022-09-22 10:08:37,977 -10_9
2022-09-22 10:08:38,013 Steering: -1
2022-09-22 10:08:38,014 -10_9
2022-09-22 10:08:38,045 Steering: -41
2022-09-22 10:08:38,045 -50_-31
2022-09-22 10:08:38,078 Steering: -41
2022-09-22 10:08:38,078 -50_-31
2022-09-22 10:08:38,115 Steering: -41
2022-09-22 10:08:38,116 -50_-31
2022-09-22 10:08:38,147 Steering: -1
2022-09-22 10:08:38,147 -10_9
2022-09-22 10:08:38,181 Steering: -1
2022-09-22 10:08:38,181 -10_9
2022-09-22 10:08:38,214 Steering: -1
2022-09-22 10:08:38,214 -10_9
2022-09-22 10:08:38,250 Steering: -1
2022-09-22 10:08:38,251 -10_9
2022-09-22 10:08:38,288 Steering: -1
2022-09-22 10:08:38,290 -10_9
2022-09-22 10:08:38,310 Steering: 85
2022-09-22 10:08:38,310 70_100
2022-09-22 10:08:38,343 Steering: 85
2022-09-22 10:08:38,344 70_100
2022-09-22 10:08:38,377 Steering: -1
2022-09-22 10:08:38,377 -10_9
2022-09-22 10:08:38,413 Steering: -1
2022-09-22 10:08:38,413 -10_9
2022-09-22 10:08:38,446 Steering: -1
2022-09-22 10:08:38,447 -10_9
2022-09-22 10:08:38,477 Steering: -1
2022-09-22 10:08:38,477 -10_9
2022-09-22 10:08:38,508 Steering: -1
2022-09-22 10:08:38,508 -10_9
2022-09-22 10:08:38,542 Steering: -1
2022-09-22 10:08:38,543 -10_9
2022-09-22 10:08:38,576 Steering: -1
2022-09-22 10:08:38,577 -10_9
2022-09-22 10:08:38,613 Steering: -1
2022-09-22 10:08:38,613 -10_9
2022-09-22 10:08:38,643 Steering: -1
2022-09-22 10:08:38,644 -10_9
2022-09-22 10:08:38,676 Steering: -1
2022-09-22 10:08:38,677 -10_9
2022-09-22 10:08:38,711 Steering: -1
2022-09-22 10:08:38,711 -10_9
2022-09-22 10:08:38,744 Steering: -1
2022-09-22 10:08:38,745 -10_9
2022-09-22 10:08:38,778 Steering: -1
2022-09-22 10:08:38,778 -10_9
2022-09-22 10:08:38,811 Steering: -1
2022-09-22 10:08:38,812 -10_9
2022-09-22 10:08:38,843 Steering: -1
2022-09-22 10:08:38,844 -10_9
2022-09-22 10:08:38,877 Steering: -1
2022-09-22 10:08:38,878 -10_9
2022-09-22 10:08:38,910 Steering: -1
2022-09-22 10:08:38,910 -10_9
2022-09-22 10:08:38,944 Steering: -1
2022-09-22 10:08:38,944 -10_9
2022-09-22 10:08:38,976 Steering: -1
2022-09-22 10:08:38,977 -10_9
2022-09-22 10:08:39,012 Steering: -1
2022-09-22 10:08:39,012 -10_9
2022-09-22 10:08:39,042 Steering: -1
2022-09-22 10:08:39,042 -10_9
2022-09-22 10:08:39,075 Steering: -1
2022-09-22 10:08:39,076 -10_9
2022-09-22 10:08:39,111 Steering: -1
2022-09-22 10:08:39,111 -10_9
2022-09-22 10:08:39,146 Steering: -1
2022-09-22 10:08:39,147 -10_9
2022-09-22 10:08:39,180 Steering: -1
2022-09-22 10:08:39,181 -10_9
2022-09-22 10:08:39,208 Steering: -1
2022-09-22 10:08:39,209 -10_9
2022-09-22 10:08:39,242 Steering: -1
2022-09-22 10:08:39,242 -10_9
2022-09-22 10:08:39,275 Steering: -1
2022-09-22 10:08:39,276 -10_9
2022-09-22 10:08:39,310 Steering: -1
2022-09-22 10:08:39,310 -10_9
2022-09-22 10:08:39,343 Steering: -1
2022-09-22 10:08:39,344 -10_9
2022-09-22 10:08:39,379 Steering: -41
2022-09-22 10:08:39,379 -50_-31
2022-09-22 10:08:39,408 Steering: -41
2022-09-22 10:08:39,409 -50_-31
2022-09-22 10:08:39,445 Steering: -41
2022-09-22 10:08:39,446 -50_-31
2022-09-22 10:08:39,477 Steering: -41
2022-09-22 10:08:39,478 -50_-31
2022-09-22 10:08:39,509 Steering: -41
2022-09-22 10:08:39,509 -50_-31
2022-09-22 10:08:39,545 Steering: -86
2022-09-22 10:08:39,546 -100_-71
2022-09-22 10:08:39,579 Steering: -86
2022-09-22 10:08:39,579 -100_-71
2022-09-22 10:08:39,611 Steering: -86
2022-09-22 10:08:39,612 -100_-71
2022-09-22 10:08:39,643 Steering: -86
2022-09-22 10:08:39,643 -100_-71
2022-09-22 10:08:39,680 Steering: -86
2022-09-22 10:08:39,681 -100_-71
2022-09-22 10:08:39,714 Steering: -86
2022-09-22 10:08:39,715 -100_-71
2022-09-22 10:08:39,741 Steering: -86
2022-09-22 10:08:39,742 -100_-71
2022-09-22 10:08:39,776 Steering: -86
2022-09-22 10:08:39,777 -100_-71
2022-09-22 10:08:39,810 Steering: -86
2022-09-22 10:08:39,811 -100_-71
2022-09-22 10:08:39,844 Steering: -86
2022-09-22 10:08:39,845 -100_-71
2022-09-22 10:08:39,876 Steering: -86
2022-09-22 10:08:39,876 -100_-71
2022-09-22 10:08:39,921 Steering: -86
2022-09-22 10:08:39,922 -100_-71
2022-09-22 10:08:39,945 Steering: 85
2022-09-22 10:08:39,946 70_100
2022-09-22 10:08:39,975 Steering: 85
2022-09-22 10:08:39,980 70_100
2022-09-22 10:08:40,011 Steering: 85
2022-09-22 10:08:40,012 70_100
2022-09-22 10:08:40,046 Steering: 85
2022-09-22 10:08:40,046 70_100
2022-09-22 10:08:40,076 Steering: 85
2022-09-22 10:08:40,076 70_100
2022-09-22 10:08:40,109 Steering: 85
2022-09-22 10:08:40,109 70_100
2022-09-22 10:08:40,144 Steering: 85
2022-09-22 10:08:40,145 70_100
2022-09-22 10:08:40,177 Steering: 85
2022-09-22 10:08:40,177 70_100
2022-09-22 10:08:40,211 Steering: 85
2022-09-22 10:08:40,212 70_100
2022-09-22 10:08:40,243 Steering: 85
2022-09-22 10:08:40,244 70_100
2022-09-22 10:08:40,279 Steering: 85
2022-09-22 10:08:40,280 70_100
2022-09-22 10:08:40,327 Steering: 85
2022-09-22 10:08:40,328 70_100
2022-09-22 10:08:40,350 Steering: 85
2022-09-22 10:08:40,351 70_100
2022-09-22 10:08:40,381 Steering: 85
2022-09-22 10:08:40,381 70_100
2022-09-22 10:08:40,410 Steering: 85
2022-09-22 10:08:40,410 70_100
2022-09-22 10:08:40,441 Steering: 85
2022-09-22 10:08:40,441 70_100
2022-09-22 10:08:40,475 Steering: 85
2022-09-22 10:08:40,475 70_100
2022-09-22 10:08:40,507 Steering: 85
2022-09-22 10:08:40,507 70_100
2022-09-22 10:08:40,541 Steering: 85
2022-09-22 10:08:40,541 70_100
2022-09-22 10:08:40,575 Steering: 85
2022-09-22 10:08:40,576 70_100
2022-09-22 10:08:40,609 Steering: 85
2022-09-22 10:08:40,610 70_100
2022-09-22 10:08:40,643 Steering: 85
2022-09-22 10:08:40,643 70_100
2022-09-22 10:08:40,677 Steering: 85
2022-09-22 10:08:40,679 70_100
2022-09-22 10:08:40,711 Steering: 85
2022-09-22 10:08:40,712 70_100
2022-09-22 10:08:40,744 Steering: 85
2022-09-22 10:08:40,744 70_100
2022-09-22 10:08:40,776 Steering: 85
2022-09-22 10:08:40,777 70_100
2022-09-22 10:08:40,811 Steering: 85
2022-09-22 10:08:40,811 70_100
2022-09-22 10:08:40,845 Steering: 85
2022-09-22 10:08:40,845 70_100
2022-09-22 10:08:40,876 Steering: 85
2022-09-22 10:08:40,876 70_100
2022-09-22 10:08:40,909 Steering: 85
2022-09-22 10:08:40,909 70_100
2022-09-22 10:08:40,946 Steering: 85
2022-09-22 10:08:40,946 70_100
2022-09-22 10:08:40,976 Steering: 85
2022-09-22 10:08:40,977 70_100
2022-09-22 10:08:41,010 Steering: -86
2022-09-22 10:08:41,010 -100_-71
2022-09-22 10:08:41,042 Steering: -86
2022-09-22 10:08:41,043 -100_-71
2022-09-22 10:08:41,076 Steering: -86
2022-09-22 10:08:41,077 -100_-71
2022-09-22 10:08:41,114 Steering: -86
2022-09-22 10:08:41,114 -100_-71
2022-09-22 10:08:41,141 Steering: -86
2022-09-22 10:08:41,142 -100_-71
2022-09-22 10:08:41,193 Steering: -86
2022-09-22 10:08:41,194 -100_-71
2022-09-22 10:08:41,220 Steering: -86
2022-09-22 10:08:41,221 -100_-71
2022-09-22 10:08:41,246 Steering: -86
2022-09-22 10:08:41,246 -100_-71
2022-09-22 10:08:41,274 Steering: -86
2022-09-22 10:08:41,274 -100_-71
2022-09-22 10:08:41,308 Steering: -86
2022-09-22 10:08:41,310 -100_-71
2022-09-22 10:08:41,341 Steering: -86
2022-09-22 10:08:41,342 -100_-71
2022-09-22 10:08:41,374 Steering: -86
2022-09-22 10:08:41,375 -100_-71
2022-09-22 10:08:41,409 Steering: -86
2022-09-22 10:08:41,410 -100_-71
2022-09-22 10:08:41,442 Steering: -86
2022-09-22 10:08:41,443 -100_-71
2022-09-22 10:08:41,475 Steering: -86
2022-09-22 10:08:41,476 -100_-71
2022-09-22 10:08:41,509 Steering: -86
2022-09-22 10:08:41,510 -100_-71
2022-09-22 10:08:41,545 Steering: -86
2022-09-22 10:08:41,546 -100_-71
2022-09-22 10:08:41,577 Steering: -86
2022-09-22 10:08:41,577 -100_-71
2022-09-22 10:08:41,610 Steering: -86
2022-09-22 10:08:41,611 -100_-71
2022-09-22 10:08:41,643 Steering: -86
2022-09-22 10:08:41,644 -100_-71
2022-09-22 10:08:41,687 Steering: -86
2022-09-22 10:08:41,687 -100_-71
2022-09-22 10:08:41,709 Steering: -86
2022-09-22 10:08:41,709 -100_-71
2022-09-22 10:08:41,742 Steering: -86
2022-09-22 10:08:41,742 -100_-71
2022-09-22 10:08:41,775 Steering: -86
2022-09-22 10:08:41,776 -100_-71
2022-09-22 10:08:41,807 Steering: -86
2022-09-22 10:08:41,808 -100_-71
2022-09-22 10:08:41,842 Steering: -86
2022-09-22 10:08:41,842 -100_-71
2022-09-22 10:08:41,874 Steering: -86
2022-09-22 10:08:41,874 -100_-71
2022-09-22 10:08:41,915 Steering: -86
2022-09-22 10:08:41,915 -100_-71
2022-09-22 10:08:41,949 Steering: -86
2022-09-22 10:08:41,949 -100_-71
2022-09-22 10:08:41,978 Steering: -86
2022-09-22 10:08:41,978 -100_-71
2022-09-22 10:08:42,007 Steering: -86
2022-09-22 10:08:42,007 -100_-71
2022-09-22 10:08:42,042 Steering: -86
2022-09-22 10:08:42,044 -100_-71
2022-09-22 10:08:42,079 Steering: -86
2022-09-22 10:08:42,079 -100_-71
2022-09-22 10:08:42,115 Steering: -86
2022-09-22 10:08:42,118 -100_-71
2022-09-22 10:08:42,146 Steering: -86
2022-09-22 10:08:42,147 -100_-71
2022-09-22 10:08:42,176 Steering: -86
2022-09-22 10:08:42,177 -100_-71
2022-09-22 10:08:42,209 Steering: -86
2022-09-22 10:08:42,210 -100_-71
2022-09-22 10:08:42,244 Steering: -86
2022-09-22 10:08:42,245 -100_-71
2022-09-22 10:08:42,276 Steering: -86
2022-09-22 10:08:42,276 -100_-71
2022-09-22 10:08:42,308 Steering: -86
2022-09-22 10:08:42,309 -100_-71
2022-09-22 10:08:42,342 Steering: -86
2022-09-22 10:08:42,343 -100_-71
2022-09-22 10:08:42,374 Steering: -86
2022-09-22 10:08:42,375 -100_-71
2022-09-22 10:08:42,412 Steering: -86
2022-09-22 10:08:42,413 -100_-71
2022-09-22 10:08:42,444 Steering: -86
2022-09-22 10:08:42,444 -100_-71
2022-09-22 10:08:42,481 Steering: -86
2022-09-22 10:08:42,482 -100_-71
2022-09-22 10:08:42,507 Steering: -86
2022-09-22 10:08:42,508 -100_-71
2022-09-22 10:08:42,540 Steering: -86
2022-09-22 10:08:42,541 -100_-71
2022-09-22 10:08:42,574 Steering: -86
2022-09-22 10:08:42,574 -100_-71
2022-09-22 10:08:42,607 Steering: -86
2022-09-22 10:08:42,607 -100_-71
2022-09-22 10:08:42,641 Steering: -86
2022-09-22 10:08:42,641 -100_-71
2022-09-22 10:08:42,675 Steering: -86
2022-09-22 10:08:42,676 -100_-71
2022-09-22 10:08:42,708 Steering: -86
2022-09-22 10:08:42,708 -100_-71
2022-09-22 10:08:42,742 Steering: -86
2022-09-22 10:08:42,744 -100_-71
2022-09-22 10:08:42,778 Steering: -86
2022-09-22 10:08:42,779 -100_-71
2022-09-22 10:08:42,811 Steering: -86
2022-09-22 10:08:42,811 -100_-71
2022-09-22 10:08:42,843 Steering: -86
2022-09-22 10:08:42,844 -100_-71
2022-09-22 10:08:42,876 Steering: -86
2022-09-22 10:08:42,876 -100_-71
2022-09-22 10:08:42,910 Steering: -86
2022-09-22 10:08:42,910 -100_-71
2022-09-22 10:08:42,943 Steering: -86
2022-09-22 10:08:42,943 -100_-71
2022-09-22 10:08:42,975 Steering: -86
2022-09-22 10:08:42,975 -100_-71
2022-09-22 10:08:43,008 Steering: -86
2022-09-22 10:08:43,009 -100_-71
2022-09-22 10:08:43,043 Steering: -86
2022-09-22 10:08:43,043 -100_-71
2022-09-22 10:08:43,077 Steering: -86
2022-09-22 10:08:43,078 -100_-71
2022-09-22 10:08:43,115 Steering: -86
2022-09-22 10:08:43,115 -100_-71
2022-09-22 10:08:43,142 Steering: -86
2022-09-22 10:08:43,142 -100_-71
2022-09-22 10:08:43,173 Steering: -86
2022-09-22 10:08:43,174 -100_-71
2022-09-22 10:08:43,207 Steering: -86
2022-09-22 10:08:43,208 -100_-71
2022-09-22 10:08:43,240 Steering: -86
2022-09-22 10:08:43,241 -100_-71
2022-09-22 10:08:43,276 Steering: -86
2022-09-22 10:08:43,277 -100_-71
2022-09-22 10:08:43,310 Steering: -86
2022-09-22 10:08:43,311 -100_-71
2022-09-22 10:08:43,349 Steering: -86
2022-09-22 10:08:43,350 -100_-71
2022-09-22 10:08:43,378 Steering: -86
2022-09-22 10:08:43,378 -100_-71
2022-09-22 10:08:43,411 Steering: -86
2022-09-22 10:08:43,411 -100_-71
2022-09-22 10:08:43,444 Steering: -86
2022-09-22 10:08:43,445 -100_-71
2022-09-22 10:08:43,475 Steering: -86
2022-09-22 10:08:43,477 -100_-71
2022-09-22 10:08:43,509 Steering: -86
2022-09-22 10:08:43,510 -100_-71
2022-09-22 10:08:43,548 Steering: -86
2022-09-22 10:08:43,548 -100_-71
2022-09-22 10:08:43,574 Steering: -86
2022-09-22 10:08:43,574 -100_-71
2022-09-22 10:08:43,608 Steering: -86
2022-09-22 10:08:43,609 -100_-71
2022-09-22 10:08:43,641 Steering: -86
2022-09-22 10:08:43,641 -100_-71
2022-09-22 10:08:43,676 Steering: -86
2022-09-22 10:08:43,676 -100_-71
2022-09-22 10:08:43,710 Steering: -86
2022-09-22 10:08:43,710 -100_-71
2022-09-22 10:08:43,741 Steering: -86
2022-09-22 10:08:43,741 -100_-71
2022-09-22 10:08:43,775 Steering: -86
2022-09-22 10:08:43,775 -100_-71
2022-09-22 10:08:43,808 Steering: -86
2022-09-22 10:08:43,808 -100_-71
2022-09-22 10:08:43,843 Steering: -86
2022-09-22 10:08:43,844 -100_-71
2022-09-22 10:08:43,876 Steering: -86
2022-09-22 10:08:43,877 -100_-71
2022-09-22 10:08:43,909 Steering: -86
2022-09-22 10:08:43,909 -100_-71
2022-09-22 10:08:43,943 Steering: -86
2022-09-22 10:08:43,944 -100_-71
2022-09-22 10:08:43,976 Steering: -86
2022-09-22 10:08:43,977 -100_-71
2022-09-22 10:08:44,012 Steering: -86
2022-09-22 10:08:44,013 -100_-71
2022-09-22 10:08:44,043 Steering: -86
2022-09-22 10:08:44,043 -100_-71
2022-09-22 10:08:44,077 Steering: -86
2022-09-22 10:08:44,077 -100_-71
2022-09-22 10:08:44,109 Steering: -86
2022-09-22 10:08:44,110 -100_-71
2022-09-22 10:08:44,143 Steering: -86
2022-09-22 10:08:44,144 -100_-71
2022-09-22 10:08:44,180 Steering: -86
2022-09-22 10:08:44,180 -100_-71
2022-09-22 10:08:44,217 Steering: -86
2022-09-22 10:08:44,218 -100_-71
2022-09-22 10:08:44,241 Steering: -86
2022-09-22 10:08:44,242 -100_-71
2022-09-22 10:08:44,275 Steering: -86
2022-09-22 10:08:44,276 -100_-71
2022-09-22 10:08:44,308 Steering: -86
2022-09-22 10:08:44,309 -100_-71
2022-09-22 10:08:44,345 Steering: -86
2022-09-22 10:08:44,345 -100_-71
2022-09-22 10:08:44,377 Steering: -86
2022-09-22 10:08:44,377 -100_-71
2022-09-22 10:08:44,410 Steering: -86
2022-09-22 10:08:44,411 -100_-71
2022-09-22 10:08:44,441 Steering: -86
2022-09-22 10:08:44,441 -100_-71
2022-09-22 10:08:44,475 Steering: -86
2022-09-22 10:08:44,475 -100_-71
2022-09-22 10:08:44,508 Steering: -86
2022-09-22 10:08:44,508 -100_-71
2022-09-22 10:08:44,541 Steering: -86
2022-09-22 10:08:44,542 -100_-71
2022-09-22 10:08:44,577 Steering: -86
2022-09-22 10:08:44,577 -100_-71
2022-09-22 10:08:44,608 Steering: -86
2022-09-22 10:08:44,609 -100_-71
2022-09-22 10:08:44,643 Steering: -1
2022-09-22 10:08:44,643 -10_9
2022-09-22 10:08:44,676 Steering: -86
2022-09-22 10:08:44,676 -100_-71
2022-09-22 10:08:44,709 Steering: -86
2022-09-22 10:08:44,710 -100_-71
2022-09-22 10:08:44,746 Steering: -86
2022-09-22 10:08:44,746 -100_-71
2022-09-22 10:08:44,776 Steering: -86
2022-09-22 10:08:44,777 -100_-71
2022-09-22 10:08:44,812 Steering: -86
2022-09-22 10:08:44,813 -100_-71
2022-09-22 10:08:44,859 Steering: -86
2022-09-22 10:08:44,859 -100_-71
2022-09-22 10:08:44,881 Steering: -86
2022-09-22 10:08:44,882 -100_-71
2022-09-22 10:08:44,907 Steering: -86
2022-09-22 10:08:44,908 -100_-71
2022-09-22 10:08:44,941 Steering: -86
2022-09-22 10:08:44,941 -100_-71
2022-09-22 10:08:44,973 Steering: -86
2022-09-22 10:08:44,974 -100_-71
2022-09-22 10:08:45,007 Steering: -86
2022-09-22 10:08:45,008 -100_-71
2022-09-22 10:08:45,042 Steering: -86
2022-09-22 10:08:45,042 -100_-71
2022-09-22 10:08:45,074 Steering: -86
2022-09-22 10:08:45,074 -100_-71
2022-09-22 10:08:45,107 Steering: -86
2022-09-22 10:08:45,108 -100_-71
2022-09-22 10:08:45,142 Steering: -86
2022-09-22 10:08:45,142 -100_-71
2022-09-22 10:08:45,174 Steering: -86
2022-09-22 10:08:45,175 -100_-71
2022-09-22 10:08:45,209 Steering: -86
2022-09-22 10:08:45,210 -100_-71
2022-09-22 10:08:45,243 Steering: -86
2022-09-22 10:08:45,243 -100_-71
2022-09-22 10:08:45,276 Steering: -86
2022-09-22 10:08:45,277 -100_-71
2022-09-22 10:08:45,314 Steering: -86
2022-09-22 10:08:45,314 -100_-71
2022-09-22 10:08:45,343 Steering: -86
2022-09-22 10:08:45,344 -100_-71
2022-09-22 10:08:45,378 Steering: -86
2022-09-22 10:08:45,379 -100_-71
2022-09-22 10:08:45,410 Steering: -86
2022-09-22 10:08:45,410 -100_-71
2022-09-22 10:08:45,452 Steering: -86
2022-09-22 10:08:45,453 -100_-71
2022-09-22 10:08:45,479 Steering: -86
2022-09-22 10:08:45,479 -100_-71
2022-09-22 10:08:45,507 Steering: -86
2022-09-22 10:08:45,508 -100_-71
2022-09-22 10:08:45,542 Steering: -86
2022-09-22 10:08:45,542 -100_-71
2022-09-22 10:08:45,585 Steering: -86
2022-09-22 10:08:45,586 -100_-71
2022-09-22 10:08:45,612 Steering: -86
2022-09-22 10:08:45,612 -100_-71
2022-09-22 10:08:45,641 Steering: -86
2022-09-22 10:08:45,642 -100_-71
2022-09-22 10:08:45,674 Steering: -86
2022-09-22 10:08:45,675 -100_-71
2022-09-22 10:08:45,709 Steering: -86
2022-09-22 10:08:45,710 -100_-71
2022-09-22 10:08:45,745 Steering: -86
2022-09-22 10:08:45,746 -100_-71
2022-09-22 10:08:45,775 Steering: -86
2022-09-22 10:08:45,776 -100_-71
2022-09-22 10:08:45,811 Steering: -86
2022-09-22 10:08:45,812 -100_-71
2022-09-22 10:08:45,844 Steering: -86
2022-09-22 10:08:45,844 -100_-71
2022-09-22 10:08:45,876 Steering: -86
2022-09-22 10:08:45,876 -100_-71
2022-09-22 10:08:45,909 Steering: -86
2022-09-22 10:08:45,910 -100_-71
2022-09-22 10:08:45,942 Steering: -86
2022-09-22 10:08:45,943 -100_-71
2022-09-22 10:08:45,975 Steering: -86
2022-09-22 10:08:45,976 -100_-71
2022-09-22 10:08:46,007 Steering: -86
2022-09-22 10:08:46,008 -100_-71
2022-09-22 10:08:46,047 Steering: -86
2022-09-22 10:08:46,047 -100_-71
2022-09-22 10:08:46,076 Steering: -86
2022-09-22 10:08:46,076 -100_-71
2022-09-22 10:08:46,109 Steering: -86
2022-09-22 10:08:46,110 -100_-71
2022-09-22 10:08:46,141 Steering: -86
2022-09-22 10:08:46,141 -100_-71
2022-09-22 10:08:46,177 Steering: -86
2022-09-22 10:08:46,178 -100_-71
2022-09-22 10:08:46,216 Steering: -86
2022-09-22 10:08:46,217 -100_-71
2022-09-22 10:08:46,249 Steering: -86
2022-09-22 10:08:46,250 -100_-71
2022-09-22 10:08:46,275 Steering: -86
2022-09-22 10:08:46,276 -100_-71
2022-09-22 10:08:46,311 Steering: -41
2022-09-22 10:08:46,311 -50_-31
2022-09-22 10:08:46,341 Steering: 85
2022-09-22 10:08:46,341 70_100
2022-09-22 10:08:46,375 Steering: 85
2022-09-22 10:08:46,376 70_100
2022-09-22 10:08:46,410 Steering: 19
2022-09-22 10:08:46,411 10_29
2022-09-22 10:08:46,442 Steering: 19
2022-09-22 10:08:46,442 10_29
2022-09-22 10:08:46,478 Steering: 19
2022-09-22 10:08:46,478 10_29
2022-09-22 10:08:46,508 Steering: 19
2022-09-22 10:08:46,509 10_29
2022-09-22 10:08:46,544 Steering: 19
2022-09-22 10:08:46,546 10_29
2022-09-22 10:08:46,574 Steering: 19
2022-09-22 10:08:46,576 10_29
2022-09-22 10:08:46,609 Steering: -1
2022-09-22 10:08:46,610 -10_9
2022-09-22 10:08:46,643 Steering: -1
2022-09-22 10:08:46,644 -10_9
2022-09-22 10:08:46,679 Steering: 19
2022-09-22 10:08:46,680 10_29
2022-09-22 10:08:46,710 Steering: -1
2022-09-22 10:08:46,710 -10_9
2022-09-22 10:08:46,741 Steering: -1
2022-09-22 10:08:46,742 -10_9
2022-09-22 10:08:46,775 Steering: -1
2022-09-22 10:08:46,775 -10_9
2022-09-22 10:08:46,807 Steering: -1
2022-09-22 10:08:46,808 -10_9
2022-09-22 10:08:46,842 Steering: 19
2022-09-22 10:08:46,842 10_29
2022-09-22 10:08:46,876 Steering: -1
2022-09-22 10:08:46,876 -10_9
2022-09-22 10:08:46,910 Steering: -1
2022-09-22 10:08:46,910 -10_9
2022-09-22 10:08:46,943 Steering: -1
2022-09-22 10:08:46,944 -10_9
2022-09-22 10:08:46,977 Steering: -1
2022-09-22 10:08:46,978 -10_9
2022-09-22 10:08:47,012 Steering: -1
2022-09-22 10:08:47,012 -10_9
2022-09-22 10:08:47,045 Steering: -1
2022-09-22 10:08:47,045 -10_9
2022-09-22 10:08:47,079 Steering: -1
2022-09-22 10:08:47,079 -10_9
2022-09-22 10:08:47,112 Steering: -1
2022-09-22 10:08:47,113 -10_9
2022-09-22 10:08:47,147 Steering: -1
2022-09-22 10:08:47,148 -10_9
2022-09-22 10:08:47,179 Steering: -1
2022-09-22 10:08:47,179 -10_9
2022-09-22 10:08:47,211 Steering: -1
2022-09-22 10:08:47,212 -10_9
2022-09-22 10:08:47,245 Steering: -1
2022-09-22 10:08:47,245 -10_9
2022-09-22 10:08:47,278 Steering: -1
2022-09-22 10:08:47,278 -10_9
2022-09-22 10:08:47,312 Steering: -1
2022-09-22 10:08:47,312 -10_9
2022-09-22 10:08:47,341 Steering: -1
2022-09-22 10:08:47,342 -10_9
2022-09-22 10:08:47,377 Steering: -1
2022-09-22 10:08:47,378 -10_9
2022-09-22 10:08:47,420 Steering: -1
2022-09-22 10:08:47,421 -10_9
2022-09-22 10:08:47,445 Steering: -1
2022-09-22 10:08:47,445 -10_9
2022-09-22 10:08:47,474 Steering: -1
2022-09-22 10:08:47,475 -10_9
2022-09-22 10:08:47,509 Steering: -1
2022-09-22 10:08:47,510 -10_9
2022-09-22 10:08:47,541 Steering: -1
2022-09-22 10:08:47,542 -10_9
2022-09-22 10:08:47,576 Steering: -1
2022-09-22 10:08:47,577 -10_9
2022-09-22 10:08:47,610 Steering: -1
2022-09-22 10:08:47,610 -10_9
2022-09-22 10:08:47,643 Steering: -1
2022-09-22 10:08:47,644 -10_9
2022-09-22 10:08:47,678 Steering: -1
2022-09-22 10:08:47,679 -10_9
2022-09-22 10:08:47,709 Steering: -1
2022-09-22 10:08:47,709 -10_9
2022-09-22 10:08:47,744 Steering: -1
2022-09-22 10:08:47,744 -10_9
2022-09-22 10:08:47,777 Steering: -1
2022-09-22 10:08:47,777 -10_9
2022-09-22 10:08:47,811 Steering: -1
2022-09-22 10:08:47,812 -10_9
2022-09-22 10:08:47,845 Steering: -1
2022-09-22 10:08:47,846 -10_9
2022-09-22 10:08:47,879 Steering: -1
2022-09-22 10:08:47,880 -10_9
2022-09-22 10:08:47,913 Steering: -1
2022-09-22 10:08:47,913 -10_9
2022-09-22 10:08:47,944 Steering: -1
2022-09-22 10:08:47,944 -10_9
2022-09-22 10:08:47,978 Steering: -1
2022-09-22 10:08:47,978 -10_9
2022-09-22 10:08:48,009 Steering: -1
2022-09-22 10:08:48,010 -10_9
2022-09-22 10:08:48,042 Steering: 19
2022-09-22 10:08:48,042 10_29
2022-09-22 10:08:48,076 Steering: 19
2022-09-22 10:08:48,076 10_29
2022-09-22 10:08:48,109 Steering: 19
2022-09-22 10:08:48,109 10_29
2022-09-22 10:08:48,142 Steering: 19
2022-09-22 10:08:48,143 10_29
2022-09-22 10:08:48,175 Steering: -1
2022-09-22 10:08:48,175 -10_9
2022-09-22 10:08:48,215 Steering: -1
2022-09-22 10:08:48,221 -10_9
2022-09-22 10:08:48,257 Steering: 85
2022-09-22 10:08:48,258 70_100
2022-09-22 10:08:48,277 Steering: 85
2022-09-22 10:08:48,278 70_100
2022-09-22 10:08:48,309 Steering: 85
2022-09-22 10:08:48,309 70_100
2022-09-22 10:08:48,344 Steering: 19
2022-09-22 10:08:48,344 10_29
2022-09-22 10:08:48,376 Steering: 85
2022-09-22 10:08:48,376 70_100
2022-09-22 10:08:48,409 Steering: 85
2022-09-22 10:08:48,409 70_100
2022-09-22 10:08:48,443 Steering: 85
2022-09-22 10:08:48,444 70_100
2022-09-22 10:08:48,477 Steering: 19
2022-09-22 10:08:48,478 10_29
2022-09-22 10:08:48,510 Steering: 85
2022-09-22 10:08:48,510 70_100
2022-09-22 10:08:48,547 Steering: 85
2022-09-22 10:08:48,547 70_100
2022-09-22 10:08:48,579 Steering: 85
2022-09-22 10:08:48,579 70_100
2022-09-22 10:08:48,611 Steering: 85
2022-09-22 10:08:48,611 70_100
2022-09-22 10:08:48,642 Steering: 85
2022-09-22 10:08:48,642 70_100
2022-09-22 10:08:48,678 Steering: 85
2022-09-22 10:08:48,678 70_100
2022-09-22 10:08:48,709 Steering: 85
2022-09-22 10:08:48,709 70_100
2022-09-22 10:08:48,740 Steering: 85
2022-09-22 10:08:48,741 70_100
2022-09-22 10:08:48,774 Steering: 85
2022-09-22 10:08:48,775 70_100
2022-09-22 10:08:48,808 Steering: 85
2022-09-22 10:08:48,808 70_100
2022-09-22 10:08:48,842 Steering: 85
2022-09-22 10:08:48,842 70_100
2022-09-22 10:08:48,877 Steering: 85
2022-09-22 10:08:48,877 70_100
2022-09-22 10:08:48,915 Steering: 85
2022-09-22 10:08:48,915 70_100
2022-09-22 10:08:48,942 Steering: 85
2022-09-22 10:08:48,942 70_100
2022-09-22 10:08:48,976 Steering: 85
2022-09-22 10:08:48,977 70_100
2022-09-22 10:08:49,010 Steering: 19
2022-09-22 10:08:49,010 10_29
2022-09-22 10:08:49,044 Steering: -1
2022-09-22 10:08:49,045 -10_9
2022-09-22 10:08:49,077 Steering: -1
2022-09-22 10:08:49,078 -10_9
2022-09-22 10:08:49,112 Steering: -1
2022-09-22 10:08:49,113 -10_9
2022-09-22 10:08:49,158 Steering: -1
2022-09-22 10:08:49,158 -10_9
2022-09-22 10:08:49,187 Steering: -1
2022-09-22 10:08:49,189 -10_9
2022-09-22 10:08:49,212 Steering: -1
2022-09-22 10:08:49,213 -10_9
2022-09-22 10:08:49,249 Steering: 19
2022-09-22 10:08:49,249 10_29
2022-09-22 10:08:49,277 Steering: -1
2022-09-22 10:08:49,277 -10_9
2022-09-22 10:08:49,309 Steering: -1
2022-09-22 10:08:49,310 -10_9
2022-09-22 10:08:49,340 Steering: -1
2022-09-22 10:08:49,341 -10_9
2022-09-22 10:08:49,385 Steering: -1
2022-09-22 10:08:49,386 -10_9
2022-09-22 10:08:49,412 Steering: -86
2022-09-22 10:08:49,412 -100_-71
2022-09-22 10:08:49,441 Steering: -86
2022-09-22 10:08:49,441 -100_-71
2022-09-22 10:08:49,476 Steering: -86
2022-09-22 10:08:49,477 -100_-71
2022-09-22 10:08:49,510 Steering: -86
2022-09-22 10:08:49,510 -100_-71
2022-09-22 10:08:49,541 Steering: -86
2022-09-22 10:08:49,541 -100_-71
2022-09-22 10:08:49,576 Steering: -86
2022-09-22 10:08:49,577 -100_-71
2022-09-22 10:08:49,611 Steering: -86
2022-09-22 10:08:49,612 -100_-71
2022-09-22 10:08:49,646 Steering: -86
2022-09-22 10:08:49,647 -100_-71
2022-09-22 10:08:49,678 Steering: -86
2022-09-22 10:08:49,679 -100_-71
2022-09-22 10:08:49,710 Steering: -86
2022-09-22 10:08:49,722 -100_-71
2022-09-22 10:08:49,744 Steering: -86
2022-09-22 10:08:49,744 -100_-71
2022-09-22 10:08:49,775 Steering: 85
2022-09-22 10:08:49,775 70_100
2022-09-22 10:08:49,812 Steering: 85
2022-09-22 10:08:49,812 70_100
2022-09-22 10:08:49,843 Steering: 85
2022-09-22 10:08:49,844 70_100
2022-09-22 10:08:49,874 Steering: 85
2022-09-22 10:08:49,874 70_100
2022-09-22 10:08:49,907 Steering: 85
2022-09-22 10:08:49,908 70_100
2022-09-22 10:08:49,943 Steering: 85
2022-09-22 10:08:49,943 70_100
2022-09-22 10:08:49,980 Steering: 85
2022-09-22 10:08:49,985 70_100
2022-09-22 10:08:50,008 Steering: 85
2022-09-22 10:08:50,008 70_100
2022-09-22 10:08:50,041 Steering: 85
2022-09-22 10:08:50,041 70_100
2022-09-22 10:08:50,075 Steering: 85
2022-09-22 10:08:50,076 70_100
2022-09-22 10:08:50,110 Steering: 85
2022-09-22 10:08:50,111 70_100
2022-09-22 10:08:50,141 Steering: 85
2022-09-22 10:08:50,142 70_100
2022-09-22 10:08:50,177 Steering: 85
2022-09-22 10:08:50,178 70_100
2022-09-22 10:08:50,214 Steering: 85
2022-09-22 10:08:50,214 70_100
2022-09-22 10:08:50,245 Steering: 85
2022-09-22 10:08:50,245 70_100
2022-09-22 10:08:50,278 Steering: 85
2022-09-22 10:08:50,278 70_100
2022-09-22 10:08:50,309 Steering: 85
2022-09-22 10:08:50,310 70_100
2022-09-22 10:08:50,343 Steering: 85
2022-09-22 10:08:50,344 70_100
2022-09-22 10:08:50,377 Steering: 85
2022-09-22 10:08:50,377 70_100
2022-09-22 10:08:50,409 Steering: 85
2022-09-22 10:08:50,410 70_100
2022-09-22 10:08:50,443 Steering: 85
2022-09-22 10:08:50,443 70_100
2022-09-22 10:08:50,474 Steering: 85
2022-09-22 10:08:50,475 70_100
2022-09-22 10:08:50,508 Steering: 85
2022-09-22 10:08:50,508 70_100
2022-09-22 10:08:50,541 Steering: 85
2022-09-22 10:08:50,541 70_100
2022-09-22 10:08:50,576 Steering: 85
2022-09-22 10:08:50,576 70_100
2022-09-22 10:08:50,609 Steering: 85
2022-09-22 10:08:50,609 70_100
2022-09-22 10:08:50,643 Steering: 85
2022-09-22 10:08:50,643 70_100
2022-09-22 10:08:50,674 Steering: 85
2022-09-22 10:08:50,674 70_100
2022-09-22 10:08:50,710 Steering: 85
2022-09-22 10:08:50,711 70_100
2022-09-22 10:08:50,748 Steering: 85
2022-09-22 10:08:50,749 70_100
2022-09-22 10:08:50,780 Steering: 85
2022-09-22 10:08:50,781 70_100
2022-09-22 10:08:50,815 Steering: 85
2022-09-22 10:08:50,816 70_100
2022-09-22 10:08:50,844 Steering: 85
2022-09-22 10:08:50,845 70_100
2022-09-22 10:08:50,877 Steering: 85
2022-09-22 10:08:50,877 70_100
2022-09-22 10:08:50,920 Steering: 85
2022-09-22 10:08:50,922 70_100
2022-09-22 10:08:50,956 Steering: 85
2022-09-22 10:08:50,957 70_100
2022-09-22 10:08:50,980 Steering: 85
2022-09-22 10:08:50,980 70_100
2022-09-22 10:08:51,007 Steering: 85
2022-09-22 10:08:51,007 70_100
2022-09-22 10:08:51,041 Steering: 85
2022-09-22 10:08:51,042 70_100
2022-09-22 10:08:51,077 Steering: 85
2022-09-22 10:08:51,077 70_100
2022-09-22 10:08:51,107 Steering: 85
2022-09-22 10:08:51,108 70_100
2022-09-22 10:08:51,157 Steering: 85
2022-09-22 10:08:51,158 70_100
2022-09-22 10:08:51,177 Steering: 85
2022-09-22 10:08:51,178 70_100
2022-09-22 10:08:51,207 Steering: 85
2022-09-22 10:08:51,208 70_100
2022-09-22 10:08:51,242 Steering: 85
2022-09-22 10:08:51,243 70_100
2022-09-22 10:08:51,275 Steering: 85
2022-09-22 10:08:51,275 70_100
2022-09-22 10:08:51,312 Steering: 85
2022-09-22 10:08:51,313 70_100
2022-09-22 10:08:51,344 Steering: 85
2022-09-22 10:08:51,344 70_100
2022-09-22 10:08:51,378 Steering: 85
2022-09-22 10:08:51,379 70_100
2022-09-22 10:08:51,412 Steering: 85
2022-09-22 10:08:51,412 70_100
2022-09-22 10:08:51,444 Steering: 85
2022-09-22 10:08:51,445 70_100
2022-09-22 10:08:51,476 Steering: 85
2022-09-22 10:08:51,476 70_100
2022-09-22 10:08:51,509 Steering: 85
2022-09-22 10:08:51,509 70_100
2022-09-22 10:08:51,542 Steering: -86
2022-09-22 10:08:51,543 -100_-71
2022-09-22 10:08:51,575 Steering: -86
2022-09-22 10:08:51,575 -100_-71
2022-09-22 10:08:51,609 Steering: -86
2022-09-22 10:08:51,610 -100_-71
2022-09-22 10:08:51,645 Steering: -86
2022-09-22 10:08:51,646 -100_-71
2022-09-22 10:08:51,675 Steering: 85
2022-09-22 10:08:51,675 70_100
2022-09-22 10:08:51,712 Steering: -86
2022-09-22 10:08:51,713 -100_-71
2022-09-22 10:08:51,755 Steering: -86
2022-09-22 10:08:51,756 -100_-71
2022-09-22 10:08:51,785 Steering: -86
2022-09-22 10:08:51,785 -100_-71
2022-09-22 10:08:51,810 Steering: -86
2022-09-22 10:08:51,811 -100_-71
2022-09-22 10:08:51,843 Steering: -86
2022-09-22 10:08:51,844 -100_-71
2022-09-22 10:08:51,880 Steering: -86
2022-09-22 10:08:51,881 -100_-71
2022-09-22 10:08:51,913 Steering: -86
2022-09-22 10:08:51,913 -100_-71
2022-09-22 10:08:51,947 Steering: -86
2022-09-22 10:08:51,947 -100_-71
2022-09-22 10:08:51,976 Steering: -86
2022-09-22 10:08:51,976 -100_-71
2022-09-22 10:08:52,014 Steering: -86
2022-09-22 10:08:52,014 -100_-71
2022-09-22 10:08:52,044 Steering: -86
2022-09-22 10:08:52,045 -100_-71
2022-09-22 10:08:52,077 Steering: -86
2022-09-22 10:08:52,078 -100_-71
2022-09-22 10:08:52,111 Steering: -86
2022-09-22 10:08:52,112 -100_-71
2022-09-22 10:08:52,144 Steering: -86
2022-09-22 10:08:52,144 -100_-71
2022-09-22 10:08:52,178 Steering: -86
2022-09-22 10:08:52,178 -100_-71
2022-09-22 10:08:52,212 Steering: -86
2022-09-22 10:08:52,213 -100_-71
2022-09-22 10:08:52,242 Steering: -86
2022-09-22 10:08:52,242 -100_-71
2022-09-22 10:08:52,276 Steering: -86
2022-09-22 10:08:52,277 -100_-71
2022-09-22 10:08:52,318 Steering: -86
2022-09-22 10:08:52,319 -100_-71
2022-09-22 10:08:52,345 Steering: -86
2022-09-22 10:08:52,346 -100_-71
2022-09-22 10:08:52,376 Steering: -86
2022-09-22 10:08:52,376 -100_-71
2022-09-22 10:08:52,408 Steering: -86
2022-09-22 10:08:52,408 -100_-71
2022-09-22 10:08:52,442 Steering: -86
2022-09-22 10:08:52,442 -100_-71
2022-09-22 10:08:52,477 Steering: -86
2022-09-22 10:08:52,477 -100_-71
2022-09-22 10:08:52,508 Steering: -86
2022-09-22 10:08:52,508 -100_-71
2022-09-22 10:08:52,543 Steering: -86
2022-09-22 10:08:52,543 -100_-71
2022-09-22 10:08:52,579 Steering: -86
2022-09-22 10:08:52,580 -100_-71
2022-09-22 10:08:52,610 Steering: -86
2022-09-22 10:08:52,611 -100_-71
2022-09-22 10:08:52,643 Steering: -86
2022-09-22 10:08:52,644 -100_-71
2022-09-22 10:08:52,681 Steering: -86
2022-09-22 10:08:52,681 -100_-71
2022-09-22 10:08:52,709 Steering: -86
2022-09-22 10:08:52,710 -100_-71
2022-09-22 10:08:52,746 Steering: -86
2022-09-22 10:08:52,746 -100_-71
2022-09-22 10:08:52,782 Steering: -86
2022-09-22 10:08:52,783 -100_-71
2022-09-22 10:08:52,810 Steering: -86
2022-09-22 10:08:52,811 -100_-71
2022-09-22 10:08:52,841 Steering: -86
2022-09-22 10:08:52,841 -100_-71
2022-09-22 10:08:52,877 Steering: -86
2022-09-22 10:08:52,877 -100_-71
2022-09-22 10:08:52,907 Steering: -86
2022-09-22 10:08:52,907 -100_-71
2022-09-22 10:08:52,942 Steering: -86
2022-09-22 10:08:52,943 -100_-71
2022-09-22 10:08:52,974 Steering: -86
2022-09-22 10:08:52,974 -100_-71
2022-09-22 10:08:53,007 Steering: -86
2022-09-22 10:08:53,007 -100_-71
2022-09-22 10:08:53,045 Steering: -86
2022-09-22 10:08:53,045 -100_-71
2022-09-22 10:08:53,076 Steering: -86
2022-09-22 10:08:53,076 -100_-71
2022-09-22 10:08:53,107 Steering: -86
2022-09-22 10:08:53,108 -100_-71
2022-09-22 10:08:53,142 Steering: -86
2022-09-22 10:08:53,142 -100_-71
2022-09-22 10:08:53,175 Steering: -86
2022-09-22 10:08:53,175 -100_-71
2022-09-22 10:08:53,208 Steering: -86
2022-09-22 10:08:53,208 -100_-71
2022-09-22 10:08:53,244 Steering: -86
2022-09-22 10:08:53,244 -100_-71
2022-09-22 10:08:53,276 Steering: 85
2022-09-22 10:08:53,277 70_100
2022-09-22 10:08:53,309 Steering: 85
2022-09-22 10:08:53,310 70_100
2022-09-22 10:08:53,341 Steering: 85
2022-09-22 10:08:53,341 70_100
2022-09-22 10:08:53,382 Steering: -86
2022-09-22 10:08:53,383 -100_-71
2022-09-22 10:08:53,420 Steering: -86
2022-09-22 10:08:53,423 -100_-71
2022-09-22 10:08:53,443 Steering: -86
2022-09-22 10:08:53,443 -100_-71
2022-09-22 10:08:53,474 Steering: -86
2022-09-22 10:08:53,474 -100_-71
2022-09-22 10:08:53,507 Steering: -86
2022-09-22 10:08:53,507 -100_-71
2022-09-22 10:08:53,541 Steering: -86
2022-09-22 10:08:53,542 -100_-71
2022-09-22 10:08:53,580 Steering: 85
2022-09-22 10:08:53,580 70_100
2022-09-22 10:08:53,608 Steering: 85
2022-09-22 10:08:53,609 70_100
2022-09-22 10:08:53,640 Steering: 85
2022-09-22 10:08:53,640 70_100
2022-09-22 10:08:53,678 Steering: 85
2022-09-22 10:08:53,679 70_100
2022-09-22 10:08:53,706 Steering: 85
2022-09-22 10:08:53,707 70_100
2022-09-22 10:08:53,740 Steering: 85
2022-09-22 10:08:53,740 70_100
2022-09-22 10:08:53,775 Steering: 85
2022-09-22 10:08:53,776 70_100
2022-09-22 10:08:53,808 Steering: 85
2022-09-22 10:08:53,808 70_100
2022-09-22 10:08:53,843 Steering: 85
2022-09-22 10:08:53,844 70_100
2022-09-22 10:08:53,879 Steering: 85
2022-09-22 10:08:53,880 70_100
2022-09-22 10:08:53,908 Steering: 85
2022-09-22 10:08:53,909 70_100
2022-09-22 10:08:53,943 Steering: 85
2022-09-22 10:08:53,944 70_100
2022-09-22 10:08:53,987 Steering: 85
2022-09-22 10:08:53,988 70_100
2022-09-22 10:08:54,018 Steering: 85
2022-09-22 10:08:54,019 70_100
2022-09-22 10:08:54,048 Steering: 85
2022-09-22 10:08:54,049 70_100
2022-09-22 10:08:54,079 Steering: 85
2022-09-22 10:08:54,080 70_100
2022-09-22 10:08:54,112 Steering: 85
2022-09-22 10:08:54,112 70_100
2022-09-22 10:08:54,141 Steering: 85
2022-09-22 10:08:54,142 70_100
2022-09-22 10:08:54,174 Steering: 85
2022-09-22 10:08:54,174 70_100
2022-09-22 10:08:54,206 Steering: 85
2022-09-22 10:08:54,207 70_100
2022-09-22 10:08:54,245 Steering: 85
2022-09-22 10:08:54,246 70_100
2022-09-22 10:08:54,274 Steering: 85
2022-09-22 10:08:54,274 70_100
2022-09-22 10:08:54,307 Steering: 85
2022-09-22 10:08:54,307 70_100
2022-09-22 10:08:54,342 Steering: 85
2022-09-22 10:08:54,342 70_100
2022-09-22 10:08:54,380 Steering: 85
2022-09-22 10:08:54,381 70_100
2022-09-22 10:08:54,411 Steering: 85
2022-09-22 10:08:54,412 70_100
2022-09-22 10:08:54,441 Steering: 85
2022-09-22 10:08:54,441 70_100
2022-09-22 10:08:54,474 Steering: 85
2022-09-22 10:08:54,475 70_100
2022-09-22 10:08:54,507 Steering: 85
2022-09-22 10:08:54,508 70_100
2022-09-22 10:08:54,543 Steering: 85
2022-09-22 10:08:54,544 70_100
2022-09-22 10:08:54,575 Steering: 85
2022-09-22 10:08:54,576 70_100
2022-09-22 10:08:54,618 Steering: 85
2022-09-22 10:08:54,618 70_100
2022-09-22 10:08:54,648 Steering: 85
2022-09-22 10:08:54,649 70_100
2022-09-22 10:08:54,684 Steering: 85
2022-09-22 10:08:54,684 70_100
2022-09-22 10:08:54,707 Steering: 85
2022-09-22 10:08:54,707 70_100
2022-09-22 10:08:54,741 Steering: 85
2022-09-22 10:08:54,742 70_100
2022-09-22 10:08:54,773 Steering: 85
2022-09-22 10:08:54,774 70_100
2022-09-22 10:08:54,808 Steering: 85
2022-09-22 10:08:54,809 70_100
2022-09-22 10:08:54,840 Steering: 85
2022-09-22 10:08:54,840 70_100
2022-09-22 10:08:54,873 Steering: 85
2022-09-22 10:08:54,873 70_100
2022-09-22 10:08:54,907 Steering: 85
2022-09-22 10:08:54,907 70_100
2022-09-22 10:08:54,941 Steering: 85
2022-09-22 10:08:54,942 70_100
2022-09-22 10:08:54,973 Steering: 85
2022-09-22 10:08:54,973 70_100
2022-09-22 10:08:55,014 Steering: 85
2022-09-22 10:08:55,015 70_100
2022-09-22 10:08:55,041 Steering: 85
2022-09-22 10:08:55,041 70_100
2022-09-22 10:08:55,074 Steering: 85
2022-09-22 10:08:55,074 70_100
2022-09-22 10:08:55,109 Steering: 85
2022-09-22 10:08:55,110 70_100
2022-09-22 10:08:55,140 Steering: 85
2022-09-22 10:08:55,141 70_100
2022-09-22 10:08:55,173 Steering: 85
2022-09-22 10:08:55,174 70_100
2022-09-22 10:08:55,212 Steering: 85
2022-09-22 10:08:55,212 70_100
2022-09-22 10:08:55,242 Steering: 85
2022-09-22 10:08:55,243 70_100
2022-09-22 10:08:55,282 Steering: 85
2022-09-22 10:08:55,283 70_100
2022-09-22 10:08:55,309 Steering: 85
2022-09-22 10:08:55,309 70_100
2022-09-22 10:08:55,340 Steering: 85
2022-09-22 10:08:55,341 70_100
2022-09-22 10:08:55,374 Steering: 85
2022-09-22 10:08:55,374 70_100
2022-09-22 10:08:55,415 Steering: 85
2022-09-22 10:08:55,416 70_100
2022-09-22 10:08:55,441 Steering: 85
2022-09-22 10:08:55,442 70_100
2022-09-22 10:08:55,476 Steering: 85
2022-09-22 10:08:55,477 70_100
2022-09-22 10:08:55,507 Steering: 85
2022-09-22 10:08:55,508 70_100
2022-09-22 10:08:55,542 Steering: 85
2022-09-22 10:08:55,543 70_100
2022-09-22 10:08:55,573 Steering: 85
2022-09-22 10:08:55,573 70_100
2022-09-22 10:08:55,605 Steering: 85
2022-09-22 10:08:55,620 70_100
2022-09-22 10:08:55,640 Steering: 85
2022-09-22 10:08:55,641 70_100
2022-09-22 10:08:55,674 Steering: 85
2022-09-22 10:08:55,674 70_100
2022-09-22 10:08:55,712 Steering: 85
2022-09-22 10:08:55,713 70_100
2022-09-22 10:08:55,743 Steering: 85
2022-09-22 10:08:55,743 70_100
2022-09-22 10:08:55,775 Steering: 85
2022-09-22 10:08:55,776 70_100
2022-09-22 10:08:55,812 Steering: 85
2022-09-22 10:08:55,812 70_100
2022-09-22 10:08:55,841 Steering: 85
2022-09-22 10:08:55,842 70_100
2022-09-22 10:08:55,875 Steering: 85
2022-09-22 10:08:55,875 70_100
2022-09-22 10:08:55,914 Steering: 85
2022-09-22 10:08:55,915 70_100
2022-09-22 10:08:55,944 Steering: 85
2022-09-22 10:08:55,945 70_100
2022-09-22 10:08:55,975 Steering: 85
2022-09-22 10:08:55,976 70_100
2022-09-22 10:08:56,027 Steering: 85
2022-09-22 10:08:56,027 70_100
2022-09-22 10:08:56,051 Steering: 85
2022-09-22 10:08:56,052 70_100
2022-09-22 10:08:56,076 Steering: 85
2022-09-22 10:08:56,077 70_100
2022-09-22 10:08:56,106 Steering: 85
2022-09-22 10:08:56,106 70_100
2022-09-22 10:08:56,140 Steering: 85
2022-09-22 10:08:56,140 70_100
2022-09-22 10:08:56,175 Steering: 85
2022-09-22 10:08:56,176 70_100
2022-09-22 10:08:56,207 Steering: 85
2022-09-22 10:08:56,207 70_100
2022-09-22 10:08:56,240 Steering: 85
2022-09-22 10:08:56,240 70_100
2022-09-22 10:08:56,273 Steering: 85
2022-09-22 10:08:56,273 70_100
2022-09-22 10:08:56,309 Steering: 85
2022-09-22 10:08:56,309 70_100
2022-09-22 10:08:56,342 Steering: 85
2022-09-22 10:08:56,342 70_100
2022-09-22 10:08:56,375 Steering: 85
2022-09-22 10:08:56,376 70_100
2022-09-22 10:08:56,411 Steering: 85
2022-09-22 10:08:56,412 70_100
2022-09-22 10:08:56,442 Steering: 85
2022-09-22 10:08:56,443 70_100
2022-09-22 10:08:56,475 Steering: 85
2022-09-22 10:08:56,475 70_100
2022-09-22 10:08:56,509 Steering: 85
2022-09-22 10:08:56,509 70_100
2022-09-22 10:08:56,542 Steering: 85
2022-09-22 10:08:56,543 70_100
2022-09-22 10:08:56,577 Steering: 85
2022-09-22 10:08:56,578 70_100
2022-09-22 10:08:56,609 Steering: 85
2022-09-22 10:08:56,610 70_100
2022-09-22 10:08:56,640 Steering: 85
2022-09-22 10:08:56,640 70_100
2022-09-22 10:08:56,673 Steering: 85
2022-09-22 10:08:56,673 70_100
2022-09-22 10:08:56,707 Steering: 85
2022-09-22 10:08:56,707 70_100
2022-09-22 10:08:56,758 Steering: 85
2022-09-22 10:08:56,761 70_100
2022-09-22 10:08:56,781 Steering: 85
2022-09-22 10:08:56,781 70_100
2022-09-22 10:08:56,806 Steering: 85
2022-09-22 10:08:56,807 70_100
2022-09-22 10:08:56,839 Steering: 85
2022-09-22 10:08:56,839 70_100
2022-09-22 10:08:56,873 Steering: 85
2022-09-22 10:08:56,873 70_100
2022-09-22 10:08:56,908 Steering: 85
2022-09-22 10:08:56,908 70_100
2022-09-22 10:08:56,939 Steering: 85
2022-09-22 10:08:56,940 70_100
2022-09-22 10:08:56,976 Steering: 85
2022-09-22 10:08:56,977 70_100
2022-09-22 10:08:57,011 Steering: 85
2022-09-22 10:08:57,012 70_100
2022-09-22 10:08:57,044 Steering: 85
2022-09-22 10:08:57,044 70_100
2022-09-22 10:08:57,077 Steering: 85
2022-09-22 10:08:57,078 70_100
2022-09-22 10:08:57,107 Steering: 85
2022-09-22 10:08:57,108 70_100
2022-09-22 10:08:57,142 Steering: 85
2022-09-22 10:08:57,143 70_100
2022-09-22 10:08:57,188 Steering: 85
2022-09-22 10:08:57,189 70_100
2022-09-22 10:08:57,217 Steering: 85
2022-09-22 10:08:57,219 70_100
2022-09-22 10:08:57,246 Steering: 85
2022-09-22 10:08:57,246 70_100
2022-09-22 10:08:57,279 Steering: 85
2022-09-22 10:08:57,279 70_100
2022-09-22 10:08:57,308 Steering: 85
2022-09-22 10:08:57,308 70_100
2022-09-22 10:08:57,340 Steering: 85
2022-09-22 10:08:57,340 70_100
2022-09-22 10:08:57,375 Steering: 85
2022-09-22 10:08:57,376 70_100
2022-09-22 10:08:57,408 Steering: 85
2022-09-22 10:08:57,409 70_100
2022-09-22 10:08:57,439 Steering: 85
2022-09-22 10:08:57,440 70_100
2022-09-22 10:08:57,474 Steering: 85
2022-09-22 10:08:57,474 70_100
2022-09-22 10:08:57,514 Steering: 85
2022-09-22 10:08:57,515 70_100
2022-09-22 10:08:57,542 Steering: 85
2022-09-22 10:08:57,542 70_100
2022-09-22 10:08:57,573 Steering: 85
2022-09-22 10:08:57,573 70_100
2022-09-22 10:08:57,607 Steering: 85
2022-09-22 10:08:57,607 70_100
2022-09-22 10:08:57,641 Steering: 85
2022-09-22 10:08:57,641 70_100
2022-09-22 10:08:57,674 Steering: 85
2022-09-22 10:08:57,675 70_100
2022-09-22 10:08:57,708 Steering: 85
2022-09-22 10:08:57,709 70_100
2022-09-22 10:08:57,741 Steering: 85
2022-09-22 10:08:57,741 70_100
2022-09-22 10:08:57,783 Steering: 85
2022-09-22 10:08:57,783 70_100
2022-09-22 10:08:57,809 Steering: 85
2022-09-22 10:08:57,809 70_100
2022-09-22 10:08:57,841 Steering: 85
2022-09-22 10:08:57,842 70_100
2022-09-22 10:08:57,873 Steering: 85
2022-09-22 10:08:57,873 70_100
2022-09-22 10:08:57,906 Steering: 85
2022-09-22 10:08:57,906 70_100
2022-09-22 10:08:57,939 Steering: 85
2022-09-22 10:08:57,939 70_100
2022-09-22 10:08:57,974 Steering: 85
2022-09-22 10:08:57,975 70_100
2022-09-22 10:08:58,006 Steering: 85
2022-09-22 10:08:58,006 70_100
2022-09-22 10:08:58,040 Steering: 85
2022-09-22 10:08:58,040 70_100
2022-09-22 10:08:58,073 Steering: 85
2022-09-22 10:08:58,073 70_100
2022-09-22 10:08:58,109 Steering: 85
2022-09-22 10:08:58,109 70_100
2022-09-22 10:08:58,140 Steering: 85
2022-09-22 10:08:58,140 70_100
2022-09-22 10:08:58,174 Steering: 85
2022-09-22 10:08:58,174 70_100
2022-09-22 10:08:58,205 Steering: 85
2022-09-22 10:08:58,207 70_100
2022-09-22 10:08:58,238 Steering: 85
2022-09-22 10:08:58,239 70_100
2022-09-22 10:08:58,273 Steering: 85
2022-09-22 10:08:58,274 70_100
2022-09-22 10:08:58,310 Steering: 85
2022-09-22 10:08:58,311 70_100
2022-09-22 10:08:58,342 Steering: 85
2022-09-22 10:08:58,342 70_100
2022-09-22 10:08:58,375 Steering: 85
2022-09-22 10:08:58,376 70_100
2022-09-22 10:08:58,409 Steering: 85
2022-09-22 10:08:58,410 70_100
2022-09-22 10:08:58,441 Steering: 85
2022-09-22 10:08:58,442 70_100
2022-09-22 10:08:58,475 Steering: 85
2022-09-22 10:08:58,476 70_100
2022-09-22 10:08:58,506 Steering: 85
2022-09-22 10:08:58,506 70_100
2022-09-22 10:08:58,539 Steering: 85
2022-09-22 10:08:58,540 70_100
2022-09-22 10:08:58,572 Steering: 85
2022-09-22 10:08:58,573 70_100
2022-09-22 10:08:58,605 Steering: 85
2022-09-22 10:08:58,606 70_100
2022-09-22 10:08:58,643 Steering: 85
2022-09-22 10:08:58,644 70_100
2022-09-22 10:08:58,673 Steering: 85
2022-09-22 10:08:58,673 70_100
2022-09-22 10:08:58,705 Steering: 85
2022-09-22 10:08:58,705 70_100
2022-09-22 10:08:58,741 Steering: 85
2022-09-22 10:08:58,741 70_100
2022-09-22 10:08:58,773 Steering: 85
2022-09-22 10:08:58,773 70_100
2022-09-22 10:08:58,807 Steering: 85
2022-09-22 10:08:58,807 70_100
2022-09-22 10:08:58,842 Steering: 85
2022-09-22 10:08:58,843 70_100
2022-09-22 10:08:58,876 Steering: 85
2022-09-22 10:08:58,877 70_100
2022-09-22 10:08:58,909 Steering: 85
2022-09-22 10:08:58,910 70_100
2022-09-22 10:08:58,941 Steering: 85
2022-09-22 10:08:58,942 70_100
2022-09-22 10:08:58,976 Steering: 85
2022-09-22 10:08:58,977 70_100
2022-09-22 10:08:59,008 Steering: 85
2022-09-22 10:08:59,009 70_100
2022-09-22 10:08:59,042 Steering: 85
2022-09-22 10:08:59,043 70_100
2022-09-22 10:08:59,097 Steering: 85
2022-09-22 10:08:59,098 70_100
2022-09-22 10:08:59,127 Steering: 85
2022-09-22 10:08:59,128 70_100
2022-09-22 10:08:59,147 Steering: 85
2022-09-22 10:08:59,148 70_100
2022-09-22 10:08:59,174 Steering: 85
2022-09-22 10:08:59,175 70_100
2022-09-22 10:08:59,206 Steering: 85
2022-09-22 10:08:59,206 70_100
2022-09-22 10:08:59,239 Steering: 85
2022-09-22 10:08:59,239 70_100
2022-09-22 10:08:59,273 Steering: 85
2022-09-22 10:08:59,273 70_100
2022-09-22 10:08:59,308 Steering: 85
2022-09-22 10:08:59,308 70_100
2022-09-22 10:08:59,339 Steering: 85
2022-09-22 10:08:59,339 70_100
2022-09-22 10:08:59,373 Steering: 85
2022-09-22 10:08:59,374 70_100
2022-09-22 10:08:59,406 Steering: 85
2022-09-22 10:08:59,407 70_100
2022-09-22 10:08:59,445 Steering: 85
2022-09-22 10:08:59,445 70_100
2022-09-22 10:08:59,473 Steering: 85
2022-09-22 10:08:59,473 70_100
2022-09-22 10:08:59,507 Steering: 85
2022-09-22 10:08:59,508 70_100
2022-09-22 10:08:59,540 Steering: 85
2022-09-22 10:08:59,541 70_100
2022-09-22 10:08:59,574 Steering: 85
2022-09-22 10:08:59,574 70_100
2022-09-22 10:08:59,605 Steering: 85
2022-09-22 10:08:59,605 70_100
2022-09-22 10:08:59,641 Steering: 85
2022-09-22 10:08:59,642 70_100
2022-09-22 10:08:59,676 Steering: 85
2022-09-22 10:08:59,677 70_100
2022-09-22 10:08:59,707 Steering: 85
2022-09-22 10:08:59,707 70_100
2022-09-22 10:08:59,738 Steering: 85
2022-09-22 10:08:59,738 70_100
2022-09-22 10:08:59,772 Steering: 85
2022-09-22 10:08:59,772 70_100
2022-09-22 10:08:59,805 Steering: 85
2022-09-22 10:08:59,806 70_100
2022-09-22 10:08:59,837 Steering: 85
2022-09-22 10:08:59,837 70_100
2022-09-22 10:08:59,872 Steering: 85
2022-09-22 10:08:59,873 70_100
2022-09-22 10:08:59,907 Steering: 85
2022-09-22 10:08:59,908 70_100
2022-09-22 10:08:59,938 Steering: 85
2022-09-22 10:08:59,939 70_100
2022-09-22 10:08:59,973 Steering: 85
2022-09-22 10:08:59,973 70_100
2022-09-22 10:09:00,006 Steering: 85
2022-09-22 10:09:00,007 70_100
2022-09-22 10:09:00,041 Steering: 85
2022-09-22 10:09:00,041 70_100
2022-09-22 10:09:00,072 Steering: 85
2022-09-22 10:09:00,073 70_100
2022-09-22 10:09:00,104 Steering: 85
2022-09-22 10:09:00,104 70_100
2022-09-22 10:09:00,139 Steering: 85
2022-09-22 10:09:00,140 70_100
2022-09-22 10:09:00,172 Steering: 85
2022-09-22 10:09:00,173 70_100
2022-09-22 10:09:00,205 Steering: -86
2022-09-22 10:09:00,205 -100_-71
2022-09-22 10:09:00,240 Steering: -86
2022-09-22 10:09:00,240 -100_-71
2022-09-22 10:09:00,274 Steering: -86
2022-09-22 10:09:00,274 -100_-71
2022-09-22 10:09:00,318 Steering: -86
2022-09-22 10:09:00,319 -100_-71
2022-09-22 10:09:00,344 Steering: -86
2022-09-22 10:09:00,344 -100_-71
2022-09-22 10:09:00,372 Steering: -86
2022-09-22 10:09:00,373 -100_-71
2022-09-22 10:09:00,404 Steering: 85
2022-09-22 10:09:00,405 70_100
2022-09-22 10:09:00,437 Steering: 85
2022-09-22 10:09:00,438 70_100
2022-09-22 10:09:00,472 Steering: 85
2022-09-22 10:09:00,472 70_100
2022-09-22 10:09:00,505 Steering: 85
2022-09-22 10:09:00,506 70_100
2022-09-22 10:09:00,539 Steering: 85
2022-09-22 10:09:00,539 70_100
2022-09-22 10:09:00,570 Steering: 85
2022-09-22 10:09:00,571 70_100
2022-09-22 10:09:00,603 Steering: 85
2022-09-22 10:09:00,603 70_100
2022-09-22 10:09:00,637 Steering: 85
2022-09-22 10:09:00,637 70_100
2022-09-22 10:09:00,673 Steering: 85
2022-09-22 10:09:00,674 70_100
2022-09-22 10:09:00,708 Steering: 85
2022-09-22 10:09:00,709 70_100
2022-09-22 10:09:00,751 Steering: 85
2022-09-22 10:09:00,752 70_100
2022-09-22 10:09:00,773 Steering: 85
2022-09-22 10:09:00,774 70_100
2022-09-22 10:09:00,806 Steering: -86
2022-09-22 10:09:00,807 -100_-71
2022-09-22 10:09:00,835 Steering: -86
2022-09-22 10:09:00,836 -100_-71
2022-09-22 10:09:00,872 Steering: -86
2022-09-22 10:09:00,872 -100_-71
2022-09-22 10:09:00,916 Steering: -86
2022-09-22 10:09:00,917 -100_-71
2022-09-22 10:09:00,939 Steering: -86
2022-09-22 10:09:00,939 -100_-71
2022-09-22 10:09:00,969 Steering: -86
2022-09-22 10:09:00,970 -100_-71
2022-09-22 10:09:01,004 Steering: -86
2022-09-22 10:09:01,005 -100_-71
2022-09-22 10:09:01,041 Steering: -86
2022-09-22 10:09:01,042 -100_-71
2022-09-22 10:09:01,072 Steering: -86
2022-09-22 10:09:01,072 -100_-71
2022-09-22 10:09:01,104 Steering: -86
2022-09-22 10:09:01,104 -100_-71
2022-09-22 10:09:01,140 Steering: -86
2022-09-22 10:09:01,140 -100_-71
2022-09-22 10:09:01,172 Steering: -86
2022-09-22 10:09:01,172 -100_-71
2022-09-22 10:09:01,203 Steering: -86
2022-09-22 10:09:01,204 -100_-71
2022-09-22 10:09:01,237 Steering: -86
2022-09-22 10:09:01,237 -100_-71
2022-09-22 10:09:01,274 Steering: -86
2022-09-22 10:09:01,275 -100_-71
2022-09-22 10:09:01,305 Steering: -86
2022-09-22 10:09:01,306 -100_-71
2022-09-22 10:09:01,336 Steering: -86
2022-09-22 10:09:01,336 -100_-71
2022-09-22 10:09:01,372 Steering: -1
2022-09-22 10:09:01,373 -10_9
2022-09-22 10:09:01,408 Steering: -1
2022-09-22 10:09:01,408 -10_9
2022-09-22 10:09:01,438 Steering: -86
2022-09-22 10:09:01,439 -100_-71
2022-09-22 10:09:01,470 Steering: -1
2022-09-22 10:09:01,471 -10_9
2022-09-22 10:09:01,503 Steering: -1
2022-09-22 10:09:01,503 -10_9
2022-09-22 10:09:01,539 Steering: -1
2022-09-22 10:09:01,540 -10_9
2022-09-22 10:09:01,573 Steering: -1
2022-09-22 10:09:01,574 -10_9
2022-09-22 10:09:01,606 Steering: -86
2022-09-22 10:09:01,607 -100_-71
2022-09-22 10:09:01,636 Steering: 19
2022-09-22 10:09:01,637 10_29
2022-09-22 10:09:01,671 Steering: 19
2022-09-22 10:09:01,672 10_29
2022-09-22 10:09:01,705 Steering: 19
2022-09-22 10:09:01,705 10_29
2022-09-22 10:09:01,741 Steering: 85
2022-09-22 10:09:01,741 70_100
2022-09-22 10:09:01,780 Steering: 19
2022-09-22 10:09:01,781 10_29
2022-09-22 10:09:01,816 Steering: 19
2022-09-22 10:09:01,816 10_29
2022-09-22 10:09:01,837 Steering: 19
2022-09-22 10:09:01,837 10_29
2022-09-22 10:09:01,870 Steering: 19
2022-09-22 10:09:01,870 10_29
2022-09-22 10:09:01,903 Steering: 19
2022-09-22 10:09:01,903 10_29
2022-09-22 10:09:01,946 Steering: 19
2022-09-22 10:09:01,947 10_29
2022-09-22 10:09:01,976 Steering: 19
2022-09-22 10:09:01,977 10_29
2022-09-22 10:09:02,006 Steering: 85
2022-09-22 10:09:02,006 70_100
2022-09-22 10:09:02,039 Steering: 85
2022-09-22 10:09:02,039 70_100
